This is XeTeX, Version 3.141592653-2.6-0.999993 (TeX Live 2021/W32TeX) (preloaded format=xelatex 2022.3.27)  18 OCT 2023 16:05
entering extended mode
 restricted \write18 enabled.
 %&-line parsing enabled.
**beamersapienza.tex
(./beamersapienza.tex
LaTeX2e <2020-10-01> patch level 4
L3 programming layer <2021-02-18>
(d:/App/Latex/texlive/2021/texmf-dist/tex/latex/beamer/beamer.cls
Document Class: beamer 2021/03/19 v3.62 A class for typesetting presentations
(d:/App/Latex/texlive/2021/texmf-dist/tex/latex/beamer/beamerbasemodes.sty
(d:/App/Latex/texlive/2021/texmf-dist/tex/latex/etoolbox/etoolbox.sty
Package: etoolbox 2020/10/05 v2.5k e-TeX tools for LaTeX (JAW)
\etb@tempcnta=\count175
)
\beamer@tempbox=\box47
\beamer@tempcount=\count176
\c@beamerpauses=\count177

(d:/App/Latex/texlive/2021/texmf-dist/tex/latex/beamer/beamerbasedecode.sty
\beamer@slideinframe=\count178
\beamer@minimum=\count179
\beamer@decode@box=\box48
)
\beamer@commentbox=\box49
\beamer@modecount=\count180
)
(d:/App/Latex/texlive/2021/texmf-dist/tex/generic/iftex/ifpdf.sty
Package: ifpdf 2019/10/25 v3.4 ifpdf legacy package. Use iftex instead.

(d:/App/Latex/texlive/2021/texmf-dist/tex/generic/iftex/iftex.sty
Package: iftex 2020/03/06 v1.0d TeX engine tests
))
\headdp=\dimen138
\footheight=\dimen139
\sidebarheight=\dimen140
\beamer@tempdim=\dimen141
\beamer@finalheight=\dimen142
\beamer@animht=\dimen143
\beamer@animdp=\dimen144
\beamer@animwd=\dimen145
\beamer@leftmargin=\dimen146
\beamer@rightmargin=\dimen147
\beamer@leftsidebar=\dimen148
\beamer@rightsidebar=\dimen149
\beamer@boxsize=\dimen150
\beamer@vboxoffset=\dimen151
\beamer@descdefault=\dimen152
\beamer@descriptionwidth=\dimen153
\beamer@lastskip=\skip47
\beamer@areabox=\box50
\beamer@animcurrent=\box51
\beamer@animshowbox=\box52
\beamer@sectionbox=\box53
\beamer@logobox=\box54
\beamer@linebox=\box55
\beamer@sectioncount=\count181
\beamer@subsubsectionmax=\count182
\beamer@subsectionmax=\count183
\beamer@sectionmax=\count184
\beamer@totalheads=\count185
\beamer@headcounter=\count186
\beamer@partstartpage=\count187
\beamer@sectionstartpage=\count188
\beamer@subsectionstartpage=\count189
\beamer@animationtempa=\count190
\beamer@animationtempb=\count191
\beamer@xpos=\count192
\beamer@ypos=\count193
\beamer@ypos@offset=\count194
\beamer@showpartnumber=\count195
\beamer@currentsubsection=\count196
\beamer@coveringdepth=\count197
\beamer@sectionadjust=\count198
\beamer@tocsectionnumber=\count199

(d:/App/Latex/texlive/2021/texmf-dist/tex/latex/beamer/beamerbaseoptions.sty
(d:/App/Latex/texlive/2021/texmf-dist/tex/latex/graphics/keyval.sty
Package: keyval 2014/10/28 v1.15 key=value parser (DPC)
\KV@toks@=\toks15
))
\beamer@paperwidth=\skip48
\beamer@paperheight=\skip49

(d:/App/Latex/texlive/2021/texmf-dist/tex/latex/geometry/geometry.sty
Package: geometry 2020/01/02 v5.9 Page Geometry

(d:/App/Latex/texlive/2021/texmf-dist/tex/generic/iftex/ifvtex.sty
Package: ifvtex 2019/10/25 v1.7 ifvtex legacy package. Use iftex instead.
)
\Gm@cnth=\count266
\Gm@cntv=\count267
\c@Gm@tempcnt=\count268
\Gm@bindingoffset=\dimen154
\Gm@wd@mp=\dimen155
\Gm@odd@mp=\dimen156
\Gm@even@mp=\dimen157
\Gm@layoutwidth=\dimen158
\Gm@layoutheight=\dimen159
\Gm@layouthoffset=\dimen160
\Gm@layoutvoffset=\dimen161
\Gm@dimlist=\toks16
)
(d:/App/Latex/texlive/2021/texmf-dist/tex/latex/base/size11.clo
File: size11.clo 2020/04/10 v1.4m Standard LaTeX file (size option)
)
(d:/App/Latex/texlive/2021/texmf-dist/tex/latex/pgf/basiclayer/pgfcore.sty
(d:/App/Latex/texlive/2021/texmf-dist/tex/latex/graphics/graphicx.sty
Package: graphicx 2020/09/09 v1.2b Enhanced LaTeX Graphics (DPC,SPQR)

(d:/App/Latex/texlive/2021/texmf-dist/tex/latex/graphics/graphics.sty
Package: graphics 2020/08/30 v1.4c Standard LaTeX Graphics (DPC,SPQR)

(d:/App/Latex/texlive/2021/texmf-dist/tex/latex/graphics/trig.sty
Package: trig 2016/01/03 v1.10 sin cos tan (DPC)
)
(d:/App/Latex/texlive/2021/texmf-dist/tex/latex/graphics-cfg/graphics.cfg
File: graphics.cfg 2016/06/04 v1.11 sample graphics configuration
)
Package graphics Info: Driver file: xetex.def on input line 105.

(d:/App/Latex/texlive/2021/texmf-dist/tex/latex/graphics-def/xetex.def
File: xetex.def 2021/03/18 v5.0k Graphics/color driver for xetex
))
\Gin@req@height=\dimen162
\Gin@req@width=\dimen163
)
(d:/App/Latex/texlive/2021/texmf-dist/tex/latex/pgf/systemlayer/pgfsys.sty
(d:/App/Latex/texlive/2021/texmf-dist/tex/latex/pgf/utilities/pgfrcs.sty
(d:/App/Latex/texlive/2021/texmf-dist/tex/generic/pgf/utilities/pgfutil-common.
tex
\pgfutil@everybye=\toks17
\pgfutil@tempdima=\dimen164
\pgfutil@tempdimb=\dimen165

(d:/App/Latex/texlive/2021/texmf-dist/tex/generic/pgf/utilities/pgfutil-common-
lists.tex))
(d:/App/Latex/texlive/2021/texmf-dist/tex/generic/pgf/utilities/pgfutil-latex.d
ef
\pgfutil@abb=\box56
)
(d:/App/Latex/texlive/2021/texmf-dist/tex/generic/pgf/utilities/pgfrcs.code.tex
(d:/App/Latex/texlive/2021/texmf-dist/tex/generic/pgf/pgf.revision.tex)
Package: pgfrcs 2020/12/27 v3.1.8b (3.1.8b)
))
(d:/App/Latex/texlive/2021/texmf-dist/tex/generic/pgf/systemlayer/pgfsys.code.t
ex
Package: pgfsys 2020/12/27 v3.1.8b (3.1.8b)

(d:/App/Latex/texlive/2021/texmf-dist/tex/generic/pgf/utilities/pgfkeys.code.te
x
\pgfkeys@pathtoks=\toks18
\pgfkeys@temptoks=\toks19

(d:/App/Latex/texlive/2021/texmf-dist/tex/generic/pgf/utilities/pgfkeysfiltered
.code.tex
\pgfkeys@tmptoks=\toks20
))
\pgf@x=\dimen166
\pgf@y=\dimen167
\pgf@xa=\dimen168
\pgf@ya=\dimen169
\pgf@xb=\dimen170
\pgf@yb=\dimen171
\pgf@xc=\dimen172
\pgf@yc=\dimen173
\pgf@xd=\dimen174
\pgf@yd=\dimen175
\w@pgf@writea=\write3
\r@pgf@reada=\read2
\c@pgf@counta=\count269
\c@pgf@countb=\count270
\c@pgf@countc=\count271
\c@pgf@countd=\count272
\t@pgf@toka=\toks21
\t@pgf@tokb=\toks22
\t@pgf@tokc=\toks23
\pgf@sys@id@count=\count273

(d:/App/Latex/texlive/2021/texmf-dist/tex/generic/pgf/systemlayer/pgf.cfg
File: pgf.cfg 2020/12/27 v3.1.8b (3.1.8b)
)
Driver file for pgf: pgfsys-xetex.def

(d:/App/Latex/texlive/2021/texmf-dist/tex/generic/pgf/systemlayer/pgfsys-xetex.
def
File: pgfsys-xetex.def 2020/12/27 v3.1.8b (3.1.8b)

(d:/App/Latex/texlive/2021/texmf-dist/tex/generic/pgf/systemlayer/pgfsys-dvipdf
mx.def
File: pgfsys-dvipdfmx.def 2020/12/27 v3.1.8b (3.1.8b)

(d:/App/Latex/texlive/2021/texmf-dist/tex/generic/pgf/systemlayer/pgfsys-common
-pdf.def
File: pgfsys-common-pdf.def 2020/12/27 v3.1.8b (3.1.8b)
)
\pgfsys@objnum=\count274
)))
(d:/App/Latex/texlive/2021/texmf-dist/tex/generic/pgf/systemlayer/pgfsyssoftpat
h.code.tex
File: pgfsyssoftpath.code.tex 2020/12/27 v3.1.8b (3.1.8b)
\pgfsyssoftpath@smallbuffer@items=\count275
\pgfsyssoftpath@bigbuffer@items=\count276
)
(d:/App/Latex/texlive/2021/texmf-dist/tex/generic/pgf/systemlayer/pgfsysprotoco
l.code.tex
File: pgfsysprotocol.code.tex 2020/12/27 v3.1.8b (3.1.8b)
)) (d:/App/Latex/texlive/2021/texmf-dist/tex/latex/xcolor/xcolor.sty
Package: xcolor 2016/05/11 v2.12 LaTeX color extensions (UK)

(d:/App/Latex/texlive/2021/texmf-dist/tex/latex/graphics-cfg/color.cfg
File: color.cfg 2016/01/02 v1.6 sample color configuration
)
Package xcolor Info: Driver file: xetex.def on input line 225.
Package xcolor Info: Model `cmy' substituted by `cmy0' on input line 1348.
Package xcolor Info: Model `RGB' extended on input line 1364.
Package xcolor Info: Model `HTML' substituted by `rgb' on input line 1366.
Package xcolor Info: Model `Hsb' substituted by `hsb' on input line 1367.
Package xcolor Info: Model `tHsb' substituted by `hsb' on input line 1368.
Package xcolor Info: Model `HSB' substituted by `hsb' on input line 1369.
Package xcolor Info: Model `Gray' substituted by `gray' on input line 1370.
Package xcolor Info: Model `wave' substituted by `hsb' on input line 1371.
)
(d:/App/Latex/texlive/2021/texmf-dist/tex/generic/pgf/basiclayer/pgfcore.code.t
ex
Package: pgfcore 2020/12/27 v3.1.8b (3.1.8b)
 (d:/App/Latex/texlive/2021/texmf-dist/tex/generic/pgf/math/pgfmath.code.tex
(d:/App/Latex/texlive/2021/texmf-dist/tex/generic/pgf/math/pgfmathcalc.code.tex

(d:/App/Latex/texlive/2021/texmf-dist/tex/generic/pgf/math/pgfmathutil.code.tex
)
(d:/App/Latex/texlive/2021/texmf-dist/tex/generic/pgf/math/pgfmathparser.code.t
ex
\pgfmath@dimen=\dimen176
\pgfmath@count=\count277
\pgfmath@box=\box57
\pgfmath@toks=\toks24
\pgfmath@stack@operand=\toks25
\pgfmath@stack@operation=\toks26
)
(d:/App/Latex/texlive/2021/texmf-dist/tex/generic/pgf/math/pgfmathfunctions.cod
e.tex
(d:/App/Latex/texlive/2021/texmf-dist/tex/generic/pgf/math/pgfmathfunctions.bas
ic.code.tex)
(d:/App/Latex/texlive/2021/texmf-dist/tex/generic/pgf/math/pgfmathfunctions.tri
gonometric.code.tex)
(d:/App/Latex/texlive/2021/texmf-dist/tex/generic/pgf/math/pgfmathfunctions.ran
dom.code.tex)
(d:/App/Latex/texlive/2021/texmf-dist/tex/generic/pgf/math/pgfmathfunctions.com
parison.code.tex)
(d:/App/Latex/texlive/2021/texmf-dist/tex/generic/pgf/math/pgfmathfunctions.bas
e.code.tex)
(d:/App/Latex/texlive/2021/texmf-dist/tex/generic/pgf/math/pgfmathfunctions.rou
nd.code.tex)
(d:/App/Latex/texlive/2021/texmf-dist/tex/generic/pgf/math/pgfmathfunctions.mis
c.code.tex)
(d:/App/Latex/texlive/2021/texmf-dist/tex/generic/pgf/math/pgfmathfunctions.int
egerarithmetics.code.tex)))
(d:/App/Latex/texlive/2021/texmf-dist/tex/generic/pgf/math/pgfmathfloat.code.te
x
\c@pgfmathroundto@lastzeros=\count278
)) (d:/App/Latex/texlive/2021/texmf-dist/tex/generic/pgf/math/pgfint.code.tex)
(d:/App/Latex/texlive/2021/texmf-dist/tex/generic/pgf/basiclayer/pgfcorepoints.
code.tex
File: pgfcorepoints.code.tex 2020/12/27 v3.1.8b (3.1.8b)
\pgf@picminx=\dimen177
\pgf@picmaxx=\dimen178
\pgf@picminy=\dimen179
\pgf@picmaxy=\dimen180
\pgf@pathminx=\dimen181
\pgf@pathmaxx=\dimen182
\pgf@pathminy=\dimen183
\pgf@pathmaxy=\dimen184
\pgf@xx=\dimen185
\pgf@xy=\dimen186
\pgf@yx=\dimen187
\pgf@yy=\dimen188
\pgf@zx=\dimen189
\pgf@zy=\dimen190
)
(d:/App/Latex/texlive/2021/texmf-dist/tex/generic/pgf/basiclayer/pgfcorepathcon
struct.code.tex
File: pgfcorepathconstruct.code.tex 2020/12/27 v3.1.8b (3.1.8b)
\pgf@path@lastx=\dimen191
\pgf@path@lasty=\dimen192
)
(d:/App/Latex/texlive/2021/texmf-dist/tex/generic/pgf/basiclayer/pgfcorepathusa
ge.code.tex
File: pgfcorepathusage.code.tex 2020/12/27 v3.1.8b (3.1.8b)
\pgf@shorten@end@additional=\dimen193
\pgf@shorten@start@additional=\dimen194
)
(d:/App/Latex/texlive/2021/texmf-dist/tex/generic/pgf/basiclayer/pgfcorescopes.
code.tex
File: pgfcorescopes.code.tex 2020/12/27 v3.1.8b (3.1.8b)
\pgfpic=\box58
\pgf@hbox=\box59
\pgf@layerbox@main=\box60
\pgf@picture@serial@count=\count279
)
(d:/App/Latex/texlive/2021/texmf-dist/tex/generic/pgf/basiclayer/pgfcoregraphic
state.code.tex
File: pgfcoregraphicstate.code.tex 2020/12/27 v3.1.8b (3.1.8b)
\pgflinewidth=\dimen195
)
(d:/App/Latex/texlive/2021/texmf-dist/tex/generic/pgf/basiclayer/pgfcoretransfo
rmations.code.tex
File: pgfcoretransformations.code.tex 2020/12/27 v3.1.8b (3.1.8b)
\pgf@pt@x=\dimen196
\pgf@pt@y=\dimen197
\pgf@pt@temp=\dimen198
)
(d:/App/Latex/texlive/2021/texmf-dist/tex/generic/pgf/basiclayer/pgfcorequick.c
ode.tex
File: pgfcorequick.code.tex 2020/12/27 v3.1.8b (3.1.8b)
)
(d:/App/Latex/texlive/2021/texmf-dist/tex/generic/pgf/basiclayer/pgfcoreobjects
.code.tex
File: pgfcoreobjects.code.tex 2020/12/27 v3.1.8b (3.1.8b)
)
(d:/App/Latex/texlive/2021/texmf-dist/tex/generic/pgf/basiclayer/pgfcorepathpro
cessing.code.tex
File: pgfcorepathprocessing.code.tex 2020/12/27 v3.1.8b (3.1.8b)
)
(d:/App/Latex/texlive/2021/texmf-dist/tex/generic/pgf/basiclayer/pgfcorearrows.
code.tex
File: pgfcorearrows.code.tex 2020/12/27 v3.1.8b (3.1.8b)
\pgfarrowsep=\dimen199
)
(d:/App/Latex/texlive/2021/texmf-dist/tex/generic/pgf/basiclayer/pgfcoreshade.c
ode.tex
File: pgfcoreshade.code.tex 2020/12/27 v3.1.8b (3.1.8b)
\pgf@max=\dimen256
\pgf@sys@shading@range@num=\count280
\pgf@shadingcount=\count281
)
(d:/App/Latex/texlive/2021/texmf-dist/tex/generic/pgf/basiclayer/pgfcoreimage.c
ode.tex
File: pgfcoreimage.code.tex 2020/12/27 v3.1.8b (3.1.8b)

(d:/App/Latex/texlive/2021/texmf-dist/tex/generic/pgf/basiclayer/pgfcoreexterna
l.code.tex
File: pgfcoreexternal.code.tex 2020/12/27 v3.1.8b (3.1.8b)
\pgfexternal@startupbox=\box61
))
(d:/App/Latex/texlive/2021/texmf-dist/tex/generic/pgf/basiclayer/pgfcorelayers.
code.tex
File: pgfcorelayers.code.tex 2020/12/27 v3.1.8b (3.1.8b)
)
(d:/App/Latex/texlive/2021/texmf-dist/tex/generic/pgf/basiclayer/pgfcoretranspa
rency.code.tex
File: pgfcoretransparency.code.tex 2020/12/27 v3.1.8b (3.1.8b)
)
(d:/App/Latex/texlive/2021/texmf-dist/tex/generic/pgf/basiclayer/pgfcorepattern
s.code.tex
File: pgfcorepatterns.code.tex 2020/12/27 v3.1.8b (3.1.8b)
)
(d:/App/Latex/texlive/2021/texmf-dist/tex/generic/pgf/basiclayer/pgfcorerdf.cod
e.tex
File: pgfcorerdf.code.tex 2020/12/27 v3.1.8b (3.1.8b)
)))
(d:/App/Latex/texlive/2021/texmf-dist/tex/latex/pgf/utilities/xxcolor.sty
Package: xxcolor 2003/10/24 ver 0.1
\XC@nummixins=\count282
\XC@countmixins=\count283
)
(d:/App/Latex/texlive/2021/texmf-dist/tex/latex/base/atbegshi-ltx.sty
Package: atbegshi-ltx 2020/08/17 v1.0a Emulation of the original atbegshi packa
ge
with kernel methods
)
(d:/App/Latex/texlive/2021/texmf-dist/tex/latex/hyperref/hyperref.sty
Package: hyperref 2021-02-27 v7.00k Hypertext links for LaTeX

(d:/App/Latex/texlive/2021/texmf-dist/tex/generic/ltxcmds/ltxcmds.sty
Package: ltxcmds 2020-05-10 v1.25 LaTeX kernel commands for general use (HO)
)
(d:/App/Latex/texlive/2021/texmf-dist/tex/generic/pdftexcmds/pdftexcmds.sty
Package: pdftexcmds 2020-06-27 v0.33 Utility functions of pdfTeX for LuaTeX (HO
)

(d:/App/Latex/texlive/2021/texmf-dist/tex/generic/infwarerr/infwarerr.sty
Package: infwarerr 2019/12/03 v1.5 Providing info/warning/error messages (HO)
)
Package pdftexcmds Info: \pdf@primitive is available.
Package pdftexcmds Info: \pdf@ifprimitive is available.
Package pdftexcmds Info: \pdfdraftmode not found.
)
(d:/App/Latex/texlive/2021/texmf-dist/tex/generic/kvsetkeys/kvsetkeys.sty
Package: kvsetkeys 2019/12/15 v1.18 Key value parser (HO)
)
(d:/App/Latex/texlive/2021/texmf-dist/tex/generic/kvdefinekeys/kvdefinekeys.sty
Package: kvdefinekeys 2019-12-19 v1.6 Define keys (HO)
) (d:/App/Latex/texlive/2021/texmf-dist/tex/generic/pdfescape/pdfescape.sty
Package: pdfescape 2019/12/09 v1.15 Implements pdfTeX's escape features (HO)
)
(d:/App/Latex/texlive/2021/texmf-dist/tex/latex/hycolor/hycolor.sty
Package: hycolor 2020-01-27 v1.10 Color options for hyperref/bookmark (HO)
)
(d:/App/Latex/texlive/2021/texmf-dist/tex/latex/letltxmacro/letltxmacro.sty
Package: letltxmacro 2019/12/03 v1.6 Let assignment for LaTeX macros (HO)
)
(d:/App/Latex/texlive/2021/texmf-dist/tex/latex/auxhook/auxhook.sty
Package: auxhook 2019-12-17 v1.6 Hooks for auxiliary files (HO)
)
(d:/App/Latex/texlive/2021/texmf-dist/tex/latex/kvoptions/kvoptions.sty
Package: kvoptions 2020-10-07 v3.14 Key value format for package options (HO)
)
\@linkdim=\dimen257
\Hy@linkcounter=\count284
\Hy@pagecounter=\count285

(d:/App/Latex/texlive/2021/texmf-dist/tex/latex/hyperref/pd1enc.def
File: pd1enc.def 2021-02-27 v7.00k Hyperref: PDFDocEncoding definition (HO)
)
(d:/App/Latex/texlive/2021/texmf-dist/tex/latex/hyperref/hyperref-langpatches.d
ef
File: hyperref-langpatches.def 2021-02-27 v7.00k Hyperref: patches for babel la
nguages
) (d:/App/Latex/texlive/2021/texmf-dist/tex/generic/intcalc/intcalc.sty
Package: intcalc 2019/12/15 v1.3 Expandable calculations with integers (HO)
)
(d:/App/Latex/texlive/2021/texmf-dist/tex/generic/etexcmds/etexcmds.sty
Package: etexcmds 2019/12/15 v1.7 Avoid name clashes with e-TeX commands (HO)
)
\Hy@SavedSpaceFactor=\count286

(d:/App/Latex/texlive/2021/texmf-dist/tex/latex/hyperref/puenc.def
File: puenc.def 2021-02-27 v7.00k Hyperref: PDF Unicode definition (HO)
)
Package hyperref Info: Option `bookmarks' set `true' on input line 4073.
Package hyperref Info: Option `bookmarksopen' set `true' on input line 4073.
Package hyperref Info: Option `implicit' set `false' on input line 4073.
Package hyperref Info: Hyper figures OFF on input line 4192.
Package hyperref Info: Link nesting OFF on input line 4197.
Package hyperref Info: Hyper index ON on input line 4200.
Package hyperref Info: Plain pages OFF on input line 4207.
Package hyperref Info: Backreferencing OFF on input line 4212.
Package hyperref Info: Implicit mode OFF; no redefinition of LaTeX internals.
Package hyperref Info: Bookmarks ON on input line 4445.
\c@Hy@tempcnt=\count287

(d:/App/Latex/texlive/2021/texmf-dist/tex/latex/url/url.sty
\Urlmuskip=\muskip16
Package: url 2013/09/16  ver 3.4  Verb mode for urls, etc.
)
LaTeX Info: Redefining \url on input line 4804.
\XeTeXLinkMargin=\dimen258

(d:/App/Latex/texlive/2021/texmf-dist/tex/generic/bitset/bitset.sty
Package: bitset 2019/12/09 v1.3 Handle bit-vector datatype (HO)

(d:/App/Latex/texlive/2021/texmf-dist/tex/generic/bigintcalc/bigintcalc.sty
Package: bigintcalc 2019/12/15 v1.5 Expandable calculations on big integers (HO
)
))
\Fld@menulength=\count288
\Field@Width=\dimen259
\Fld@charsize=\dimen260
Package hyperref Info: Hyper figures OFF on input line 6075.
Package hyperref Info: Link nesting OFF on input line 6080.
Package hyperref Info: Hyper index ON on input line 6083.
Package hyperref Info: backreferencing OFF on input line 6090.
Package hyperref Info: Link coloring OFF on input line 6095.
Package hyperref Info: Link coloring with OCG OFF on input line 6100.
Package hyperref Info: PDF/A mode OFF on input line 6105.
LaTeX Info: Redefining \ref on input line 6145.
LaTeX Info: Redefining \pageref on input line 6149.
\Hy@abspage=\count289


Package hyperref Message: Stopped early.

)
Package hyperref Info: Driver (autodetected): hxetex.
 (d:/App/Latex/texlive/2021/texmf-dist/tex/latex/hyperref/hxetex.def
File: hxetex.def 2021-02-27 v7.00k Hyperref driver for XeTeX

(d:/App/Latex/texlive/2021/texmf-dist/tex/generic/stringenc/stringenc.sty
Package: stringenc 2019/11/29 v1.12 Convert strings between diff. encodings (HO
)
)
\pdfm@box=\box62
\c@Hy@AnnotLevel=\count290
\HyField@AnnotCount=\count291
\Fld@listcount=\count292
\c@bookmark@seq@number=\count293

(d:/App/Latex/texlive/2021/texmf-dist/tex/latex/rerunfilecheck/rerunfilecheck.s
ty
Package: rerunfilecheck 2019/12/05 v1.9 Rerun checks for auxiliary files (HO)
 (d:/App/Latex/texlive/2021/texmf-dist/tex/latex/base/atveryend-ltx.sty
Package: atveryend-ltx 2020/08/19 v1.0a Emulation of the original atvery packag
e
with kernel methods
)
(d:/App/Latex/texlive/2021/texmf-dist/tex/generic/uniquecounter/uniquecounter.s
ty
Package: uniquecounter 2019/12/15 v1.4 Provide unlimited unique counter (HO)
)
Package uniquecounter Info: New unique counter `rerunfilecheck' on input line 2
86.
))
(d:/App/Latex/texlive/2021/texmf-dist/tex/latex/beamer/beamerbaserequires.sty
(d:/App/Latex/texlive/2021/texmf-dist/tex/latex/beamer/beamerbasecompatibility.
sty) (d:/App/Latex/texlive/2021/texmf-dist/tex/latex/beamer/beamerbasefont.sty
(d:/App/Latex/texlive/2021/texmf-dist/tex/latex/amsfonts/amssymb.sty
Package: amssymb 2013/01/14 v3.01 AMS font symbols

(d:/App/Latex/texlive/2021/texmf-dist/tex/latex/amsfonts/amsfonts.sty
Package: amsfonts 2013/01/14 v3.01 Basic AMSFonts support
\@emptytoks=\toks27
\symAMSa=\mathgroup4
\symAMSb=\mathgroup5
LaTeX Font Info:    Redeclaring math symbol \hbar on input line 98.
LaTeX Font Info:    Overwriting math alphabet `\mathfrak' in version `bold'
(Font)                  U/euf/m/n --> U/euf/b/n on input line 106.
))
(d:/App/Latex/texlive/2021/texmf-dist/tex/latex/sansmathaccent/sansmathaccent.s
ty
Package: sansmathaccent 2020/01/31
 (d:/App/Latex/texlive/2021/texmf-dist/tex/latex/koma-script/scrlfile.sty
Package: scrlfile 2021/03/17 v3.33 KOMA-Script package (file load hooks)

(d:/App/Latex/texlive/2021/texmf-dist/tex/latex/koma-script/scrlfile-hook.sty
Package: scrlfile-hook 2021/03/17 v3.33 KOMA-Script package (using LaTeX hooks)


LaTeX3 Info: Defining command \BeforeFile with sig. 'm' on line 61.


LaTeX3 Info: Defining command \AfterFile with sig. 'm' on line 65.


LaTeX3 Info: Defining command \BeforeClass with sig. 'm' on line 69.


LaTeX3 Info: Defining command \BeforePackage with sig. 'm' on line 73.


LaTeX3 Info: Defining command \AfterAtEndOfClass with sig. 'smo+m' on line 83.


LaTeX3 Info: Defining command \AfterAtEndOfPackage with sig. 'smo+m' on line
(LaTeX3)     93.


LaTeX3 Info: Defining command \scrlfile@AfterClass with sig. 'smo+m' on line
(LaTeX3)     173.


LaTeX3 Info: Defining command \AfterClass with sig. '' on line 174.


LaTeX3 Info: Defining command \scrlfile@AfterPackage with sig. 'smo+m' on line
(LaTeX3)     191.


LaTeX3 Info: Defining command \AfterPackage with sig. '' on line 192.


LaTeX3 Info: Defining command \ReplaceInput with sig. '' on line 193.


LaTeX3 Info: Defining command \ReplaceClass with sig. 'mm' on line 196.


LaTeX3 Info: Defining command \ReplacePackage with sig. 'mm' on line 199.


LaTeX3 Info: Defining command \UnReplaceInput with sig. '' on line 200.


LaTeX3 Info: Defining command \UnReplaceClass with sig. 'm' on line 203.


LaTeX3 Info: Defining command \UnReplacePackage with sig. 'mm' on line 206.


LaTeX3 Info: Defining command \PreventPackageFromLoading with sig. 's+om' on
(LaTeX3)     line 234.


LaTeX3 Info: Defining command \StorePreventPackageFromLoading with sig. 'm' on
(LaTeX3)     line 242.


LaTeX3 Info: Defining command \ResetPreventPackageFromLoading with sig. '' on
(LaTeX3)     line 247.


LaTeX3 Info: Defining command \UnPreventPackageFromLoading with sig. 'sm' on
(LaTeX3)     line 261.


LaTeX3 Info: Defining command \BeforeClosingMainAux with sig. 'om' on line
(LaTeX3)     274.


LaTeX3 Info: Defining command \AfterReadingMainAux with sig. 'om' on line 287.


LaTeX3 Info: Defining command \protected@immediate@write with sig. 'm+m+m' on
(LaTeX3)     line 298.


(d:/App/Latex/texlive/2021/texmf-dist/tex/latex/koma-script/scrlogo.sty
Package: scrlogo 2021/03/17 v3.33 KOMA-Script package (logo)
)))))
(d:/App/Latex/texlive/2021/texmf-dist/tex/latex/beamer/beamerbasetranslator.sty
(d:/App/Latex/texlive/2021/texmf-dist/tex/latex/translator/translator.sty
Package: translator 2020-08-03 v1.12c Easy translation of strings in LaTeX
))
(d:/App/Latex/texlive/2021/texmf-dist/tex/latex/beamer/beamerbasemisc.sty)
(d:/App/Latex/texlive/2021/texmf-dist/tex/latex/beamer/beamerbasetwoscreens.sty
) (d:/App/Latex/texlive/2021/texmf-dist/tex/latex/beamer/beamerbaseoverlay.sty
\beamer@argscount=\count294
\beamer@lastskipcover=\skip50
\beamer@trivlistdepth=\count295
) (d:/App/Latex/texlive/2021/texmf-dist/tex/latex/beamer/beamerbasetitle.sty)
(d:/App/Latex/texlive/2021/texmf-dist/tex/latex/beamer/beamerbasesection.sty
\c@lecture=\count296
\c@part=\count297
\c@section=\count298
\c@subsection=\count299
\c@subsubsection=\count300
)
(d:/App/Latex/texlive/2021/texmf-dist/tex/latex/beamer/beamerbaseframe.sty
\beamer@framebox=\box63
\beamer@frametitlebox=\box64
\beamer@zoombox=\box65
\beamer@zoomcount=\count301
\beamer@zoomframecount=\count302
\beamer@frametextheight=\dimen261
\c@subsectionslide=\count303
\beamer@frametopskip=\skip51
\beamer@framebottomskip=\skip52
\beamer@frametopskipautobreak=\skip53
\beamer@framebottomskipautobreak=\skip54
\beamer@envbody=\toks28
\framewidth=\dimen262
\c@framenumber=\count304
)
(d:/App/Latex/texlive/2021/texmf-dist/tex/latex/beamer/beamerbaseverbatim.sty
\beamer@verbatimfileout=\write4
)
(d:/App/Latex/texlive/2021/texmf-dist/tex/latex/beamer/beamerbaseframesize.sty
\beamer@splitbox=\box66
\beamer@autobreakcount=\count305
\beamer@autobreaklastheight=\dimen263
\beamer@frametitletoks=\toks29
\beamer@framesubtitletoks=\toks30
)
(d:/App/Latex/texlive/2021/texmf-dist/tex/latex/beamer/beamerbaseframecomponent
s.sty
\beamer@footins=\box67
)
(d:/App/Latex/texlive/2021/texmf-dist/tex/latex/beamer/beamerbasecolor.sty)
(d:/App/Latex/texlive/2021/texmf-dist/tex/latex/beamer/beamerbasenotes.sty
\beamer@frameboxcopy=\box68
)
(d:/App/Latex/texlive/2021/texmf-dist/tex/latex/beamer/beamerbasetoc.sty)
(d:/App/Latex/texlive/2021/texmf-dist/tex/latex/beamer/beamerbasetemplates.sty
\beamer@sbttoks=\toks31

(d:/App/Latex/texlive/2021/texmf-dist/tex/latex/beamer/beamerbaseauxtemplates.s
ty (d:/App/Latex/texlive/2021/texmf-dist/tex/latex/beamer/beamerbaseboxes.sty
\bmb@box=\box69
\bmb@colorbox=\box70
\bmb@boxwidth=\dimen264
\bmb@boxheight=\dimen265
\bmb@prevheight=\dimen266
\bmb@temp=\dimen267
\bmb@dima=\dimen268
\bmb@dimb=\dimen269
\bmb@prevheight=\dimen270
)
\beamer@blockheadheight=\dimen271
))
(d:/App/Latex/texlive/2021/texmf-dist/tex/latex/beamer/beamerbaselocalstructure
.sty (d:/App/Latex/texlive/2021/texmf-dist/tex/latex/tools/enumerate.sty
Package: enumerate 2015/07/23 v3.00 enumerate extensions (DPC)
\@enLab=\toks32
)
\beamer@bibiconwidth=\skip55
\c@figure=\count306
\c@table=\count307
\abovecaptionskip=\skip56
\belowcaptionskip=\skip57
)
(d:/App/Latex/texlive/2021/texmf-dist/tex/latex/beamer/beamerbasenavigation.sty
\beamer@section@min@dim=\dimen272
) (d:/App/Latex/texlive/2021/texmf-dist/tex/latex/beamer/beamerbasetheorems.sty
(d:/App/Latex/texlive/2021/texmf-dist/tex/latex/amsmath/amsmath.sty
Package: amsmath 2020/09/23 v2.17i AMS math features
\@mathmargin=\skip58

For additional information on amsmath, use the `?' option.
(d:/App/Latex/texlive/2021/texmf-dist/tex/latex/amsmath/amstext.sty
Package: amstext 2000/06/29 v2.01 AMS text

(d:/App/Latex/texlive/2021/texmf-dist/tex/latex/amsmath/amsgen.sty
File: amsgen.sty 1999/11/30 v2.0 generic functions
\@emptytoks=\toks33
\ex@=\dimen273
))
(d:/App/Latex/texlive/2021/texmf-dist/tex/latex/amsmath/amsbsy.sty
Package: amsbsy 1999/11/29 v1.2d Bold Symbols
\pmbraise@=\dimen274
)
(d:/App/Latex/texlive/2021/texmf-dist/tex/latex/amsmath/amsopn.sty
Package: amsopn 2016/03/08 v2.02 operator names
)
\inf@bad=\count308
LaTeX Info: Redefining \frac on input line 234.
\uproot@=\count309
\leftroot@=\count310
LaTeX Info: Redefining \overline on input line 399.
\classnum@=\count311
\DOTSCASE@=\count312
LaTeX Info: Redefining \ldots on input line 496.
LaTeX Info: Redefining \dots on input line 499.
LaTeX Info: Redefining \cdots on input line 620.
\Mathstrutbox@=\box71
\strutbox@=\box72
\big@size=\dimen275
LaTeX Font Info:    Redeclaring font encoding OML on input line 743.
LaTeX Font Info:    Redeclaring font encoding OMS on input line 744.
\macc@depth=\count313
\c@MaxMatrixCols=\count314
\dotsspace@=\muskip17
\c@parentequation=\count315
\dspbrk@lvl=\count316
\tag@help=\toks34
\row@=\count317
\column@=\count318
\maxfields@=\count319
\andhelp@=\toks35
\eqnshift@=\dimen276
\alignsep@=\dimen277
\tagshift@=\dimen278
\tagwidth@=\dimen279
\totwidth@=\dimen280
\lineht@=\dimen281
\@envbody=\toks36
\multlinegap=\skip59
\multlinetaggap=\skip60
\mathdisplay@stack=\toks37
LaTeX Info: Redefining \[ on input line 2923.
LaTeX Info: Redefining \] on input line 2924.
)
(d:/App/Latex/texlive/2021/texmf-dist/tex/latex/amscls/amsthm.sty
Package: amsthm 2020/05/29 v2.20.6
\thm@style=\toks38
\thm@bodyfont=\toks39
\thm@headfont=\toks40
\thm@notefont=\toks41
\thm@headpunct=\toks42
\thm@preskip=\skip61
\thm@postskip=\skip62
\thm@headsep=\skip63
\dth@everypar=\toks43
)
\c@theorem=\count320
)
(d:/App/Latex/texlive/2021/texmf-dist/tex/latex/beamer/beamerbasethemes.sty))
(d:/App/Latex/texlive/2021/texmf-dist/tex/latex/beamer/beamerthemedefault.sty
(d:/App/Latex/texlive/2021/texmf-dist/tex/latex/beamer/beamerfontthemedefault.s
ty)
(d:/App/Latex/texlive/2021/texmf-dist/tex/latex/beamer/beamercolorthemedefault.
sty)
(d:/App/Latex/texlive/2021/texmf-dist/tex/latex/beamer/beamerinnerthemedefault.
sty
\beamer@dima=\dimen282
\beamer@dimb=\dimen283
)
(d:/App/Latex/texlive/2021/texmf-dist/tex/latex/beamer/beamerouterthemedefault.
sty))) (d:/App/Latex/texlive/2021/texmf-dist/tex/latex/mfnfss/oldgerm.sty
Package: oldgerm 2000/08/02 v2.1k LaTeX2e package for Old German fonts
)
(./beamerthemesintef.sty
Package: beamerthemesintef 2021/11/02

(d:/App/Latex/texlive/2021/texmf-dist/tex/latex/pgf/frontendlayer/tikz.sty
(d:/App/Latex/texlive/2021/texmf-dist/tex/latex/pgf/basiclayer/pgf.sty
Package: pgf 2020/12/27 v3.1.8b (3.1.8b)

(d:/App/Latex/texlive/2021/texmf-dist/tex/generic/pgf/modules/pgfmoduleshapes.c
ode.tex
File: pgfmoduleshapes.code.tex 2020/12/27 v3.1.8b (3.1.8b)
\pgfnodeparttextbox=\box73
)
(d:/App/Latex/texlive/2021/texmf-dist/tex/generic/pgf/modules/pgfmoduleplot.cod
e.tex
File: pgfmoduleplot.code.tex 2020/12/27 v3.1.8b (3.1.8b)
)
(d:/App/Latex/texlive/2021/texmf-dist/tex/latex/pgf/compatibility/pgfcomp-versi
on-0-65.sty
Package: pgfcomp-version-0-65 2020/12/27 v3.1.8b (3.1.8b)
\pgf@nodesepstart=\dimen284
\pgf@nodesepend=\dimen285
)
(d:/App/Latex/texlive/2021/texmf-dist/tex/latex/pgf/compatibility/pgfcomp-versi
on-1-18.sty
Package: pgfcomp-version-1-18 2020/12/27 v3.1.8b (3.1.8b)
))
(d:/App/Latex/texlive/2021/texmf-dist/tex/latex/pgf/utilities/pgffor.sty
(d:/App/Latex/texlive/2021/texmf-dist/tex/latex/pgf/utilities/pgfkeys.sty
(d:/App/Latex/texlive/2021/texmf-dist/tex/generic/pgf/utilities/pgfkeys.code.te
x)) (d:/App/Latex/texlive/2021/texmf-dist/tex/latex/pgf/math/pgfmath.sty
(d:/App/Latex/texlive/2021/texmf-dist/tex/generic/pgf/math/pgfmath.code.tex))
(d:/App/Latex/texlive/2021/texmf-dist/tex/generic/pgf/utilities/pgffor.code.tex
Package: pgffor 2020/12/27 v3.1.8b (3.1.8b)
(d:/App/Latex/texlive/2021/texmf-dist/tex/generic/pgf/math/pgfmath.code.tex)
\pgffor@iter=\dimen286
\pgffor@skip=\dimen287
\pgffor@stack=\toks44
\pgffor@toks=\toks45
))
(d:/App/Latex/texlive/2021/texmf-dist/tex/generic/pgf/frontendlayer/tikz/tikz.c
ode.tex
Package: tikz 2020/12/27 v3.1.8b (3.1.8b)

(d:/App/Latex/texlive/2021/texmf-dist/tex/generic/pgf/libraries/pgflibraryploth
andlers.code.tex
File: pgflibraryplothandlers.code.tex 2020/12/27 v3.1.8b (3.1.8b)
\pgf@plot@mark@count=\count321
\pgfplotmarksize=\dimen288
)
\tikz@lastx=\dimen289
\tikz@lasty=\dimen290
\tikz@lastxsaved=\dimen291
\tikz@lastysaved=\dimen292
\tikz@lastmovetox=\dimen293
\tikz@lastmovetoy=\dimen294
\tikzleveldistance=\dimen295
\tikzsiblingdistance=\dimen296
\tikz@figbox=\box74
\tikz@figbox@bg=\box75
\tikz@tempbox=\box76
\tikz@tempbox@bg=\box77
\tikztreelevel=\count322
\tikznumberofchildren=\count323
\tikznumberofcurrentchild=\count324
\tikz@fig@count=\count325

(d:/App/Latex/texlive/2021/texmf-dist/tex/generic/pgf/modules/pgfmodulematrix.c
ode.tex
File: pgfmodulematrix.code.tex 2020/12/27 v3.1.8b (3.1.8b)
\pgfmatrixcurrentrow=\count326
\pgfmatrixcurrentcolumn=\count327
\pgf@matrix@numberofcolumns=\count328
)
\tikz@expandcount=\count329

(d:/App/Latex/texlive/2021/texmf-dist/tex/generic/pgf/frontendlayer/tikz/librar
ies/tikzlibrarytopaths.code.tex
File: tikzlibrarytopaths.code.tex 2020/12/27 v3.1.8b (3.1.8b)
)))
(d:/App/Latex/texlive/2021/texmf-dist/tex/latex/caladea/caladea.sty
Package: caladea 2014/08/17 (Bob Tennent) Supports Caladea fonts for LaTeX, pdf
LaTeX, luaLaTeX and xeLaTeX.

(d:/App/Latex/texlive/2021/texmf-dist/tex/generic/iftex/ifxetex.sty
Package: ifxetex 2019/10/25 v0.7 ifxetex legacy package. Use iftex instead.
)
(d:/App/Latex/texlive/2021/texmf-dist/tex/generic/iftex/ifluatex.sty
Package: ifluatex 2019/10/25 v1.5 ifluatex legacy package. Use iftex instead.
)
(d:/App/Latex/texlive/2021/texmf-dist/tex/latex/xkeyval/xkeyval.sty
Package: xkeyval 2020/11/20 v2.8 package option processing (HA)

(d:/App/Latex/texlive/2021/texmf-dist/tex/generic/xkeyval/xkeyval.tex
(d:/App/Latex/texlive/2021/texmf-dist/tex/generic/xkeyval/xkvutils.tex
\XKV@toks=\toks46
\XKV@tempa@toks=\toks47
)
\XKV@depth=\count330
File: xkeyval.tex 2014/12/03 v2.7a key=value parser (HA)
))
(d:/App/Latex/texlive/2021/texmf-dist/tex/latex/base/textcomp.sty
Package: textcomp 2020/02/02 v2.0n Standard LaTeX package
)
(d:/App/Latex/texlive/2021/texmf-dist/tex/latex/fontspec/fontspec.sty
(d:/App/Latex/texlive/2021/texmf-dist/tex/latex/l3packages/xparse/xparse.sty
(d:/App/Latex/texlive/2021/texmf-dist/tex/latex/l3kernel/expl3.sty
Package: expl3 2021-02-18 L3 programming layer (loader) 

(d:/App/Latex/texlive/2021/texmf-dist/tex/latex/l3backend/l3backend-xetex.def
File: l3backend-xetex.def 2021-03-18 L3 backend support: XeTeX

(|extractbb --version)
\c__kernel_sys_dvipdfmx_version_int=\count331
\l__color_backend_stack_int=\count332
\g__color_backend_stack_int=\count333
\g__graphics_track_int=\count334
\l__pdf_internal_box=\box78
\g__pdf_backend_object_int=\count335
\g__pdf_backend_annotation_int=\count336
\g__pdf_backend_link_int=\count337
))
(d:/App/Latex/texlive/2021/texmf-dist/tex/latex/l3packages/xparse/xparse-2020-1
0-01.sty
(d:/App/Latex/texlive/2021/texmf-dist/tex/latex/l3packages/xparse/xparse-generi
c.tex)))
Package: fontspec 2020/02/21 v2.7i Font selection for XeLaTeX and LuaLaTeX

(d:/App/Latex/texlive/2021/texmf-dist/tex/latex/fontspec/fontspec-xetex.sty
Package: fontspec-xetex 2020/02/21 v2.7i Font selection for XeLaTeX and LuaLaTe
X
\l__fontspec_script_int=\count338
\l__fontspec_language_int=\count339
\l__fontspec_strnum_int=\count340
\l__fontspec_tmp_int=\count341
\l__fontspec_tmpa_int=\count342
\l__fontspec_tmpb_int=\count343
\l__fontspec_tmpc_int=\count344
\l__fontspec_em_int=\count345
\l__fontspec_emdef_int=\count346
\l__fontspec_strong_int=\count347
\l__fontspec_strongdef_int=\count348
\l__fontspec_tmpa_dim=\dimen297
\l__fontspec_tmpb_dim=\dimen298
\l__fontspec_tmpc_dim=\dimen299

(d:/App/Latex/texlive/2021/texmf-dist/tex/latex/base/fontenc.sty
Package: fontenc 2020/08/10 v2.0s Standard LaTeX package
)
(d:/App/Latex/texlive/2021/texmf-dist/tex/latex/fontspec/fontspec.cfg)))
Requested font "[Caladea-Regular.ttf]/OT" at 10.94997pt
 -> d:/App/Latex/texlive/2021/texmf-dist/fonts/truetype/huerta/caladea/Caladea-
Regular.ttf
Requested font "[Caladea-Regular.ttf]/OT" at 10.95003pt
 -> d:/App/Latex/texlive/2021/texmf-dist/fonts/truetype/huerta/caladea/Caladea-
Regular.ttf
Requested font "[Caladea-Regular.ttf]/OT:script=latn;language=dflt;" at 10.9500
3pt
 -> d:/App/Latex/texlive/2021/texmf-dist/fonts/truetype/huerta/caladea/Caladea-
Regular.ttf
Requested font "[Caladea-Bold.ttf]/OT:script=latn;language=dflt;" at 10.95003pt
 -> d:/App/Latex/texlive/2021/texmf-dist/fonts/truetype/huerta/caladea/Caladea-
Bold.ttf
Requested font "[Caladea-Italic.ttf]/OT:script=latn;language=dflt;" at 10.95003
pt
 -> d:/App/Latex/texlive/2021/texmf-dist/fonts/truetype/huerta/caladea/Caladea-
Italic.ttf
Requested font "[Caladea-BoldItalic.ttf]/OT:script=latn;language=dflt;" at 10.9
5003pt
 -> d:/App/Latex/texlive/2021/texmf-dist/fonts/truetype/huerta/caladea/Caladea-
BoldItalic.ttf

Package fontspec Info: Font family 'Caladea(0)' created for font 'Caladea'
(fontspec)             with options [Ligatures = TeX,Scale = 1,Extension =
(fontspec)             .ttf,Ligatures=TeX,UprightFont = *-Regular,ItalicFont =
(fontspec)             *-Italic,BoldFont = *-Bold,BoldItalicFont =
(fontspec)             *-BoldItalic].
(fontspec)              
(fontspec)              This font family consists of the following NFSS
(fontspec)             series/shapes:
(fontspec)              
(fontspec)             - 'normal' (m/n) with NFSS spec.:
(fontspec)             <->s*[1]"[Caladea-Regular.ttf]/OT:script=latn;language=d
flt;mapping=tex-text;"
(fontspec)             - 'small caps'  (m/sc) with NFSS spec.: 
(fontspec)             - 'bold' (b/n) with NFSS spec.:
(fontspec)             <->s*[1]"[Caladea-Bold.ttf]/OT:script=latn;language=dflt
;mapping=tex-text;"
(fontspec)             - 'bold small caps'  (b/sc) with NFSS spec.: 
(fontspec)             - 'italic' (m/it) with NFSS spec.:
(fontspec)             <->s*[1]"[Caladea-Italic.ttf]/OT:script=latn;language=df
lt;mapping=tex-text;"
(fontspec)             - 'italic small caps'  (m/scit) with NFSS spec.: 
(fontspec)             - 'bold italic' (b/it) with NFSS spec.:
(fontspec)             <->s*[1]"[Caladea-BoldItalic.ttf]/OT:script=latn;languag
e=dflt;mapping=tex-text;"
(fontspec)             - 'bold italic small caps'  (b/scit) with NFSS spec.: 


Package fontspec Info: Font family 'Caladea(1)' created for font 'Caladea'
(fontspec)             with options [Ligatures = TeX,Scale = 1,Extension =
(fontspec)             .ttf,UprightFont = *-Regular,ItalicFont =
(fontspec)             *-Italic,BoldFont = *-Bold,BoldItalicFont =
(fontspec)             *-BoldItalic].
(fontspec)              
(fontspec)              This font family consists of the following NFSS
(fontspec)             series/shapes:
(fontspec)              
(fontspec)             - 'normal' (m/n) with NFSS spec.:
(fontspec)             <->s*[1]"[Caladea-Regular.ttf]/OT:script=latn;language=d
flt;mapping=tex-text;"
(fontspec)             - 'small caps'  (m/sc) with NFSS spec.: 
(fontspec)             - 'bold' (b/n) with NFSS spec.:
(fontspec)             <->s*[1]"[Caladea-Bold.ttf]/OT:script=latn;language=dflt
;mapping=tex-text;"
(fontspec)             - 'bold small caps'  (b/sc) with NFSS spec.: 
(fontspec)             - 'italic' (m/it) with NFSS spec.:
(fontspec)             <->s*[1]"[Caladea-Italic.ttf]/OT:script=latn;language=df
lt;mapping=tex-text;"
(fontspec)             - 'italic small caps'  (m/scit) with NFSS spec.: 
(fontspec)             - 'bold italic' (b/it) with NFSS spec.:
(fontspec)             <->s*[1]"[Caladea-BoldItalic.ttf]/OT:script=latn;languag
e=dflt;mapping=tex-text;"
(fontspec)             - 'bold italic small caps'  (b/scit) with NFSS spec.: 

)
(d:/App/Latex/texlive/2021/texmf-dist/tex/latex/carlito/carlito.sty
Package: carlito 2014/08/20 (Bob Tennent) Supports Carlito fonts for LaTeX, pdf
LaTeX, luaLaTeX and xeLaTeX.
Requested font "[Carlito-Regular.ttf]/OT" at 10.94997pt
 -> d:/App/Latex/texlive/2021/texmf-dist/fonts/truetype/typoland/carlito/Carlit
o-Regular.ttf
Requested font "[Carlito-Regular.ttf]/OT" at 10.95003pt
 -> d:/App/Latex/texlive/2021/texmf-dist/fonts/truetype/typoland/carlito/Carlit
o-Regular.ttf
Requested font "[Carlito-Regular.ttf]/OT:script=latn;language=dflt;" at 10.9500
3pt
 -> d:/App/Latex/texlive/2021/texmf-dist/fonts/truetype/typoland/carlito/Carlit
o-Regular.ttf
Requested font "[Carlito-Bold.ttf]/OT:script=latn;language=dflt;" at 10.95003pt
 -> d:/App/Latex/texlive/2021/texmf-dist/fonts/truetype/typoland/carlito/Carlit
o-Bold.ttf
Requested font "[Carlito-Italic.ttf]/OT:script=latn;language=dflt;" at 10.95003
pt
 -> d:/App/Latex/texlive/2021/texmf-dist/fonts/truetype/typoland/carlito/Carlit
o-Italic.ttf
Requested font "[Carlito-BoldItalic.ttf]/OT:script=latn;language=dflt;" at 10.9
5003pt
 -> d:/App/Latex/texlive/2021/texmf-dist/fonts/truetype/typoland/carlito/Carlit
o-BoldItalic.ttf

Package fontspec Info: Font family 'Carlito(0)' created for font 'Carlito'
(fontspec)             with options [Ligatures = TeX,Scale = 1,Extension =
(fontspec)             .ttf,Ligatures=TeX,Numbers =
(fontspec)             {OldStyle,Proportional},UprightFont =
(fontspec)             *-Regular,ItalicFont = *-Italic,BoldFont =
(fontspec)             *-Bold,BoldItalicFont = *-BoldItalic].
(fontspec)              
(fontspec)              This font family consists of the following NFSS
(fontspec)             series/shapes:
(fontspec)              
(fontspec)             - 'normal' (m/n) with NFSS spec.:
(fontspec)             <->s*[1]"[Carlito-Regular.ttf]/OT:script=latn;language=d
flt;+onum;+pnum;mapping=tex-text;"
(fontspec)             - 'small caps'  (m/sc) with NFSS spec.: 
(fontspec)             - 'bold' (b/n) with NFSS spec.:
(fontspec)             <->s*[1]"[Carlito-Bold.ttf]/OT:script=latn;language=dflt
;+onum;+pnum;mapping=tex-text;"
(fontspec)             - 'bold small caps'  (b/sc) with NFSS spec.: 
(fontspec)             - 'italic' (m/it) with NFSS spec.:
(fontspec)             <->s*[1]"[Carlito-Italic.ttf]/OT:script=latn;language=df
lt;+onum;+pnum;mapping=tex-text;"
(fontspec)             - 'italic small caps'  (m/scit) with NFSS spec.: 
(fontspec)             - 'bold italic' (b/it) with NFSS spec.:
(fontspec)             <->s*[1]"[Carlito-BoldItalic.ttf]/OT:script=latn;languag
e=dflt;+onum;+pnum;mapping=tex-text;"
(fontspec)             - 'bold italic small caps'  (b/scit) with NFSS spec.: 

LaTeX Font Info:    Font shape `TU/Carlito(0)/m/n' will be
(Font)              scaled to size 10.95pt on input line 85.
Requested font "[Carlito-Regular.ttf]/OT:script=latn;language=dflt;+onum;+pnum;
mapping=tex-text;" at 10.95pt
 -> d:/App/Latex/texlive/2021/texmf-dist/fonts/truetype/typoland/carlito/Carlit
o-Regular.ttf

Package fontspec Info: Font family 'Carlito(1)' created for font 'Carlito'
(fontspec)             with options [Ligatures = TeX,Scale = 1,Extension =
(fontspec)             .ttf,Numbers = {OldStyle,Proportional},UprightFont =
(fontspec)             *-Regular,ItalicFont = *-Italic,BoldFont =
(fontspec)             *-Bold,BoldItalicFont = *-BoldItalic].
(fontspec)              
(fontspec)              This font family consists of the following NFSS
(fontspec)             series/shapes:
(fontspec)              
(fontspec)             - 'normal' (m/n) with NFSS spec.:
(fontspec)             <->s*[1]"[Carlito-Regular.ttf]/OT:script=latn;language=d
flt;+onum;+pnum;mapping=tex-text;"
(fontspec)             - 'small caps'  (m/sc) with NFSS spec.: 
(fontspec)             - 'bold' (b/n) with NFSS spec.:
(fontspec)             <->s*[1]"[Carlito-Bold.ttf]/OT:script=latn;language=dflt
;+onum;+pnum;mapping=tex-text;"
(fontspec)             - 'bold small caps'  (b/sc) with NFSS spec.: 
(fontspec)             - 'italic' (m/it) with NFSS spec.:
(fontspec)             <->s*[1]"[Carlito-Italic.ttf]/OT:script=latn;language=df
lt;+onum;+pnum;mapping=tex-text;"
(fontspec)             - 'italic small caps'  (m/scit) with NFSS spec.: 
(fontspec)             - 'bold italic' (b/it) with NFSS spec.:
(fontspec)             <->s*[1]"[Carlito-BoldItalic.ttf]/OT:script=latn;languag
e=dflt;+onum;+pnum;mapping=tex-text;"
(fontspec)             - 'bold italic small caps'  (b/scit) with NFSS spec.: 


Package fontspec Info: Font family 'Carlito(2)' created for font 'Carlito'
(fontspec)             with options [Ligatures = TeX,Scale = 1,Extension =
(fontspec)             .ttf,Numbers = {Proportional,OldStyle},UprightFont =
(fontspec)             *-Regular,ItalicFont = *-Italic,BoldFont =
(fontspec)             *-Bold,BoldItalicFont = *-BoldItalic].
(fontspec)              
(fontspec)              This font family consists of the following NFSS
(fontspec)             series/shapes:
(fontspec)              
(fontspec)             - 'normal' (m/n) with NFSS spec.:
(fontspec)             <->s*[1]"[Carlito-Regular.ttf]/OT:script=latn;language=d
flt;+pnum;+onum;mapping=tex-text;"
(fontspec)             - 'small caps'  (m/sc) with NFSS spec.: 
(fontspec)             - 'bold' (b/n) with NFSS spec.:
(fontspec)             <->s*[1]"[Carlito-Bold.ttf]/OT:script=latn;language=dflt
;+pnum;+onum;mapping=tex-text;"
(fontspec)             - 'bold small caps'  (b/sc) with NFSS spec.: 
(fontspec)             - 'italic' (m/it) with NFSS spec.:
(fontspec)             <->s*[1]"[Carlito-Italic.ttf]/OT:script=latn;language=df
lt;+pnum;+onum;mapping=tex-text;"
(fontspec)             - 'italic small caps'  (m/scit) with NFSS spec.: 
(fontspec)             - 'bold italic' (b/it) with NFSS spec.:
(fontspec)             <->s*[1]"[Carlito-BoldItalic.ttf]/OT:script=latn;languag
e=dflt;+pnum;+onum;mapping=tex-text;"
(fontspec)             - 'bold italic small caps'  (b/scit) with NFSS spec.: 


Package fontspec Info: Font family 'Carlito(3)' created for font 'Carlito'
(fontspec)             with options [Ligatures = TeX,Scale = 1,Extension =
(fontspec)             .ttf,Numbers = {Proportional,Lining},UprightFont =
(fontspec)             *-Regular,ItalicFont = *-Italic,BoldFont =
(fontspec)             *-Bold,BoldItalicFont = *-BoldItalic].
(fontspec)              
(fontspec)              This font family consists of the following NFSS
(fontspec)             series/shapes:
(fontspec)              
(fontspec)             - 'normal' (m/n) with NFSS spec.:
(fontspec)             <->s*[1]"[Carlito-Regular.ttf]/OT:script=latn;language=d
flt;+pnum;+lnum;mapping=tex-text;"
(fontspec)             - 'small caps'  (m/sc) with NFSS spec.: 
(fontspec)             - 'bold' (b/n) with NFSS spec.:
(fontspec)             <->s*[1]"[Carlito-Bold.ttf]/OT:script=latn;language=dflt
;+pnum;+lnum;mapping=tex-text;"
(fontspec)             - 'bold small caps'  (b/sc) with NFSS spec.: 
(fontspec)             - 'italic' (m/it) with NFSS spec.:
(fontspec)             <->s*[1]"[Carlito-Italic.ttf]/OT:script=latn;language=df
lt;+pnum;+lnum;mapping=tex-text;"
(fontspec)             - 'italic small caps'  (m/scit) with NFSS spec.: 
(fontspec)             - 'bold italic' (b/it) with NFSS spec.:
(fontspec)             <->s*[1]"[Carlito-BoldItalic.ttf]/OT:script=latn;languag
e=dflt;+pnum;+lnum;mapping=tex-text;"
(fontspec)             - 'bold italic small caps'  (b/scit) with NFSS spec.: 


Package fontspec Info: Font family 'Carlito(4)' created for font 'Carlito'
(fontspec)             with options [Ligatures = TeX,Scale = 1,Extension =
(fontspec)             .ttf,Numbers = {Monospaced, Lining},UprightFont =
(fontspec)             *-Regular,ItalicFont = *-Italic,BoldFont =
(fontspec)             *-Bold,BoldItalicFont = *-BoldItalic].
(fontspec)              
(fontspec)              This font family consists of the following NFSS
(fontspec)             series/shapes:
(fontspec)              
(fontspec)             - 'normal' (m/n) with NFSS spec.:
(fontspec)             <->s*[1]"[Carlito-Regular.ttf]/OT:script=latn;language=d
flt;+tnum;+lnum;mapping=tex-text;"
(fontspec)             - 'small caps'  (m/sc) with NFSS spec.: 
(fontspec)             - 'bold' (b/n) with NFSS spec.:
(fontspec)             <->s*[1]"[Carlito-Bold.ttf]/OT:script=latn;language=dflt
;+tnum;+lnum;mapping=tex-text;"
(fontspec)             - 'bold small caps'  (b/sc) with NFSS spec.: 
(fontspec)             - 'italic' (m/it) with NFSS spec.:
(fontspec)             <->s*[1]"[Carlito-Italic.ttf]/OT:script=latn;language=df
lt;+tnum;+lnum;mapping=tex-text;"
(fontspec)             - 'italic small caps'  (m/scit) with NFSS spec.: 
(fontspec)             - 'bold italic' (b/it) with NFSS spec.:
(fontspec)             <->s*[1]"[Carlito-BoldItalic.ttf]/OT:script=latn;languag
e=dflt;+tnum;+lnum;mapping=tex-text;"
(fontspec)             - 'bold italic small caps'  (b/scit) with NFSS spec.: 


Package fontspec Info: Font family 'Carlito(5)' created for font 'Carlito'
(fontspec)             with options [Ligatures = TeX,Scale = 1,Extension =
(fontspec)             .ttf,Numbers = {Monospaced, OldStyle},UprightFont =
(fontspec)             *-Regular,ItalicFont = *-Italic,BoldFont =
(fontspec)             *-Bold,BoldItalicFont = *-BoldItalic].
(fontspec)              
(fontspec)              This font family consists of the following NFSS
(fontspec)             series/shapes:
(fontspec)              
(fontspec)             - 'normal' (m/n) with NFSS spec.:
(fontspec)             <->s*[1]"[Carlito-Regular.ttf]/OT:script=latn;language=d
flt;+tnum;+onum;mapping=tex-text;"
(fontspec)             - 'small caps'  (m/sc) with NFSS spec.: 
(fontspec)             - 'bold' (b/n) with NFSS spec.:
(fontspec)             <->s*[1]"[Carlito-Bold.ttf]/OT:script=latn;language=dflt
;+tnum;+onum;mapping=tex-text;"
(fontspec)             - 'bold small caps'  (b/sc) with NFSS spec.: 
(fontspec)             - 'italic' (m/it) with NFSS spec.:
(fontspec)             <->s*[1]"[Carlito-Italic.ttf]/OT:script=latn;language=df
lt;+tnum;+onum;mapping=tex-text;"
(fontspec)             - 'italic small caps'  (m/scit) with NFSS spec.: 
(fontspec)             - 'bold italic' (b/it) with NFSS spec.:
(fontspec)             <->s*[1]"[Carlito-BoldItalic.ttf]/OT:script=latn;languag
e=dflt;+tnum;+onum;mapping=tex-text;"
(fontspec)             - 'bold italic small caps'  (b/scit) with NFSS spec.: 

LaTeX Info: Redefining \textin on input line 153.
)
(./sintefcolor.sty
Package: sintefcolor 2021/03/04
))
(d:/App/Latex/texlive/2021/texmf-dist/tex/xelatex/xecjk/xeCJK.sty
Package: xeCJK 2020/10/19 v3.8.6 Typesetting CJK scripts with XeLaTeX

(d:/App/Latex/texlive/2021/texmf-dist/tex/latex/l3packages/l3keys2e/l3keys2e.st
y
Package: l3keys2e 2021-03-12 LaTeX2e option processing using LaTeX3 keys
)
(d:/App/Latex/texlive/2021/texmf-dist/tex/latex/l3packages/xtemplate/xtemplate.
sty
Package: xtemplate 2021-03-12 L3 Experimental prototype document functions
\l__xtemplate_tmp_dim=\dimen300
\l__xtemplate_tmp_int=\count349
\l__xtemplate_tmp_muskip=\muskip18
\l__xtemplate_tmp_skip=\skip64
)
\l__xeCJK_tmp_int=\count350
\l__xeCJK_tmp_box=\box79
\l__xeCJK_tmp_dim=\dimen301
\l__xeCJK_tmp_skip=\skip65
 (d:/App/Latex/texlive/2021/texmf-dist/tex/latex/ctex/ctexhook.sty
Package: ctexhook 2021/03/14 v2.5.6 Document and package hooks (CTEX)
)
\g__xeCJK_space_factor_int=\count351
\l__xeCJK_begin_int=\count352
\l__xeCJK_end_int=\count353
\c__xeCJK_CJK_class_int=\XeTeXcharclass1
\c__xeCJK_FullLeft_class_int=\XeTeXcharclass2
\c__xeCJK_FullRight_class_int=\XeTeXcharclass3
\c__xeCJK_HalfLeft_class_int=\XeTeXcharclass4
\c__xeCJK_HalfRight_class_int=\XeTeXcharclass5
\c__xeCJK_NormalSpace_class_int=\XeTeXcharclass6
\c__xeCJK_CM_class_int=\XeTeXcharclass7
\c__xeCJK_HangulJamo_class_int=\XeTeXcharclass8
\l__xeCJK_last_skip=\skip66
\g__xeCJK_node_int=\count354
\c__xeCJK_CJK_node_dim=\dimen302
\c__xeCJK_CJK-space_node_dim=\dimen303
\c__xeCJK_default_node_dim=\dimen304
\c__xeCJK_default-space_node_dim=\dimen305
\c__xeCJK_CJK-widow_node_dim=\dimen306
\c__xeCJK_normalspace_node_dim=\dimen307
\l__xeCJK_ccglue_skip=\skip67
\l__xeCJK_ecglue_skip=\skip68
\l__xeCJK_punct_kern_skip=\skip69
\l__xeCJK_last_penalty_int=\count355
\l__xeCJK_last_bound_dim=\dimen308
\l__xeCJK_last_kern_dim=\dimen309
\l__xeCJK_widow_penalty_int=\count356

Package xtemplate Info: Declaring object type 'xeCJK/punctuation' taking 0
(xtemplate)             argument(s) on line 2341.

\l__xeCJK_fixed_punct_width_dim=\dimen310
\l__xeCJK_mixed_punct_width_dim=\dimen311
\l__xeCJK_middle_punct_width_dim=\dimen312
\l__xeCJK_fixed_margin_width_dim=\dimen313
\l__xeCJK_mixed_margin_width_dim=\dimen314
\l__xeCJK_middle_margin_width_dim=\dimen315
\l__xeCJK_bound_punct_width_dim=\dimen316
\l__xeCJK_bound_margin_width_dim=\dimen317
\l__xeCJK_margin_minimum_dim=\dimen318
\l__xeCJK_kerning_total_width_dim=\dimen319
\l__xeCJK_same_align_margin_dim=\dimen320
\l__xeCJK_different_align_margin_dim=\dimen321
\l__xeCJK_kerning_margin_width_dim=\dimen322
\l__xeCJK_kerning_margin_minimum_dim=\dimen323
\l__xeCJK_bound_dim=\dimen324
\l__xeCJK_reverse_bound_dim=\dimen325
\l__xeCJK_margin_dim=\dimen326
\l__xeCJK_minimum_bound_dim=\dimen327
\l__xeCJK_kerning_margin_dim=\dimen328
\g__xeCJK_family_int=\count357
\l__xeCJK_fam_int=\count358
\g__xeCJK_fam_allocation_int=\count359
\l__xeCJK_verb_case_int=\count360
\l__xeCJK_verb_exspace_skip=\skip70

(d:/App/Latex/texlive/2021/texmf-dist/tex/xelatex/xecjk/xeCJK.cfg
File: xeCJK.cfg 2020/10/19 v3.8.6 Configuration file for xeCJK package
))
(d:/App/Latex/texlive/2021/texmf-dist/tex/latex/beamer/beamerfontthemeserif.sty
)

Package xeCJK Warning: Fandol is being set as the default font for CJK text.
(xeCJK)                Please make sure it has been properly installed.

Requested font "[FandolHei-Regular.otf]/OT" at 10.94997pt
 -> d:/App/Latex/texlive/2021/texmf-dist/fonts/opentype/public/fandol/FandolHei
-Regular.otf
Requested font "[FandolHei-Regular.otf]/OT" at 10.95003pt
 -> d:/App/Latex/texlive/2021/texmf-dist/fonts/opentype/public/fandol/FandolHei
-Regular.otf

Package fontspec Warning: Font "FandolHei-Regular" does not contain requested
(fontspec)                Script "CJK".

Requested font "[FandolHei-Regular.otf]/OT:language=dflt;" at 10.95003pt
 -> d:/App/Latex/texlive/2021/texmf-dist/fonts/opentype/public/fandol/FandolHei
-Regular.otf
Requested font "[FandolHei-Bold.otf]/OT:language=dflt;" at 10.95003pt
 -> d:/App/Latex/texlive/2021/texmf-dist/fonts/opentype/public/fandol/FandolHei
-Bold.otf

Package fontspec Info: Font family 'FandolHei-Regular(0)' created for font
(fontspec)             'FandolHei-Regular' with options
(fontspec)             [Script={CJK},Extension={.otf},BoldFont={FandolHei-Bold}
].
(fontspec)              
(fontspec)              This font family consists of the following NFSS
(fontspec)             series/shapes:
(fontspec)              
(fontspec)             - 'normal' (m/n) with NFSS spec.:
(fontspec)             <->"[FandolHei-Regular.otf]/OT:language=dflt;"
(fontspec)             - 'small caps'  (m/sc) with NFSS spec.: 
(fontspec)             - 'bold' (b/n) with NFSS spec.:
(fontspec)             <->"[FandolHei-Bold.otf]/OT:language=dflt;"
(fontspec)             - 'bold small caps'  (b/sc) with NFSS spec.: 

(./beamersapienza.aux)
\openout1 = `beamersapienza.aux'.

LaTeX Font Info:    Checking defaults for OML/cmm/m/it on input line 27.
LaTeX Font Info:    ... okay on input line 27.
LaTeX Font Info:    Checking defaults for OMS/cmsy/m/n on input line 27.
LaTeX Font Info:    ... okay on input line 27.
LaTeX Font Info:    Checking defaults for OT1/cmr/m/n on input line 27.
LaTeX Font Info:    ... okay on input line 27.
LaTeX Font Info:    Checking defaults for T1/cmr/m/n on input line 27.
LaTeX Font Info:    ... okay on input line 27.
LaTeX Font Info:    Checking defaults for TS1/cmr/m/n on input line 27.
LaTeX Font Info:    Trying to load font information for TS1+cmr on input line 2
7.

(d:/App/Latex/texlive/2021/texmf-dist/tex/latex/base/ts1cmr.fd
File: ts1cmr.fd 2019/12/16 v2.5j Standard LaTeX font definitions
)
LaTeX Font Info:    ... okay on input line 27.
LaTeX Font Info:    Checking defaults for TU/lmr/m/n on input line 27.
LaTeX Font Info:    ... okay on input line 27.
LaTeX Font Info:    Checking defaults for OMX/cmex/m/n on input line 27.
LaTeX Font Info:    ... okay on input line 27.
LaTeX Font Info:    Checking defaults for U/cmr/m/n on input line 27.
LaTeX Font Info:    ... okay on input line 27.
LaTeX Font Info:    Checking defaults for PD1/pdf/m/n on input line 27.
LaTeX Font Info:    ... okay on input line 27.
LaTeX Font Info:    Checking defaults for PU/pdf/m/n on input line 27.
LaTeX Font Info:    ... okay on input line 27.

*geometry* driver: auto-detecting
*geometry* detected driver: xetex
*geometry* verbose mode - [ preamble ] result:
* driver: xetex
* paper: custom
* layout: <same size as paper>
* layoutoffset:(h,v)=(0.0pt,0.0pt)
* modes: includehead includefoot 
* h-part:(L,W,R)=(28.45274pt, 398.3386pt, 28.45274pt)
* v-part:(T,H,B)=(0.0pt, 256.0748pt, 0.0pt)
* \paperwidth=455.24408pt
* \paperheight=256.0748pt
* \textwidth=398.3386pt
* \textheight=227.62207pt
* \oddsidemargin=-43.81725pt
* \evensidemargin=-43.81725pt
* \topmargin=-72.26999pt
* \headheight=14.22636pt
* \headsep=0.0pt
* \topskip=11.0pt
* \footskip=14.22636pt
* \marginparwidth=4.0pt
* \marginparsep=10.0pt
* \columnsep=10.0pt
* \skip\footins=10.0pt plus 4.0pt minus 2.0pt
* \hoffset=0.0pt
* \voffset=0.0pt
* \mag=1000
* \@twocolumnfalse
* \@twosidefalse
* \@mparswitchfalse
* \@reversemarginfalse
* (1in=72.27pt=25.4mm, 1cm=28.453pt)

Package hyperref Info: Link coloring OFF on input line 27.
(d:/App/Latex/texlive/2021/texmf-dist/tex/latex/hyperref/nameref.sty
Package: nameref 2021-04-02 v2.47 Cross-referencing by name of section

(d:/App/Latex/texlive/2021/texmf-dist/tex/latex/refcount/refcount.sty
Package: refcount 2019/12/15 v3.6 Data extraction from label references (HO)
)
(d:/App/Latex/texlive/2021/texmf-dist/tex/generic/gettitlestring/gettitlestring
.sty
Package: gettitlestring 2019/12/15 v1.6 Cleanup title references (HO)
)
\c@section@level=\count361
)
LaTeX Info: Redefining \ref on input line 27.
LaTeX Info: Redefining \pageref on input line 27.
LaTeX Info: Redefining \nameref on input line 27.
 (./beamersapienza.out) (./beamersapienza.out)
\@outlinefile=\write5
\openout5 = `beamersapienza.out'.

\symnumbers=\mathgroup6
\sympureletters=\mathgroup7
LaTeX Font Info:    Overwriting math alphabet `\mathrm' in version `normal'
(Font)                  OT1/cmr/m/n --> TU/Caladea(0)/m/n on input line 27.
LaTeX Font Info:    Redeclaring math alphabet \mathbf on input line 27.
LaTeX Font Info:    Overwriting math alphabet `\mathbf' in version `normal'
(Font)                  OT1/cmr/bx/n --> TU/Caladea(0)/b/n on input line 27.
LaTeX Font Info:    Overwriting math alphabet `\mathbf' in version `bold'
(Font)                  OT1/cmr/bx/n --> TU/Caladea(0)/b/n on input line 27.
LaTeX Font Info:    Redeclaring math alphabet \mathsf on input line 27.
LaTeX Font Info:    Overwriting math alphabet `\mathsf' in version `normal'
(Font)                  OT1/cmss/m/n --> TU/Carlito(0)/m/n on input line 27.
LaTeX Font Info:    Overwriting math alphabet `\mathsf' in version `bold'
(Font)                  OT1/cmss/bx/n --> TU/Carlito(0)/m/n on input line 27.
LaTeX Font Info:    Redeclaring math alphabet \mathit on input line 27.
LaTeX Font Info:    Overwriting math alphabet `\mathit' in version `normal'
(Font)                  OT1/cmr/m/it --> TU/Caladea(0)/m/it on input line 27.
LaTeX Font Info:    Overwriting math alphabet `\mathit' in version `bold'
(Font)                  OT1/cmr/bx/it --> TU/Caladea(0)/m/it on input line 27.
LaTeX Font Info:    Redeclaring math alphabet \mathtt on input line 27.
LaTeX Font Info:    Overwriting math alphabet `\mathtt' in version `normal'
(Font)                  OT1/cmtt/m/n --> TU/lmtt/m/n on input line 27.
LaTeX Font Info:    Overwriting math alphabet `\mathtt' in version `bold'
(Font)                  OT1/cmtt/m/n --> TU/lmtt/m/n on input line 27.
LaTeX Font Info:    Overwriting symbol font `numbers' in version `bold'
(Font)                  TU/Caladea(0)/m/n --> TU/Caladea(0)/b/n on input line 2
7.
LaTeX Font Info:    Overwriting symbol font `pureletters' in version `bold'
(Font)                  TU/Caladea(0)/m/it --> TU/Caladea(0)/b/it on input line
 27.
LaTeX Font Info:    Overwriting math alphabet `\mathrm' in version `bold'
(Font)                  OT1/cmr/bx/n --> TU/Caladea(0)/b/n on input line 27.
LaTeX Font Info:    Overwriting math alphabet `\mathbf' in version `bold'
(Font)                  TU/Caladea(0)/b/n --> TU/Caladea(0)/b/n on input line 2
7.
LaTeX Font Info:    Overwriting math alphabet `\mathsf' in version `bold'
(Font)                  TU/Carlito(0)/m/n --> TU/Carlito(0)/b/n on input line 2
7.
LaTeX Font Info:    Overwriting math alphabet `\mathit' in version `bold'
(Font)                  TU/Caladea(0)/m/it --> TU/Caladea(0)/b/it on input line
 27.
LaTeX Font Info:    Overwriting math alphabet `\mathtt' in version `bold'
(Font)                  TU/lmtt/m/n --> TU/lmtt/b/n on input line 27.

(d:/App/Latex/texlive/2021/texmf-dist/tex/latex/translator/translator-basic-dic
tionary-English.dict
Dictionary: translator-basic-dictionary, Language: English 
)
(d:/App/Latex/texlive/2021/texmf-dist/tex/latex/translator/translator-bibliogra
phy-dictionary-English.dict
Dictionary: translator-bibliography-dictionary, Language: English 
)
(d:/App/Latex/texlive/2021/texmf-dist/tex/latex/translator/translator-environme
nt-dictionary-English.dict
Dictionary: translator-environment-dictionary, Language: English 
)
(d:/App/Latex/texlive/2021/texmf-dist/tex/latex/translator/translator-months-di
ctionary-English.dict
Dictionary: translator-months-dictionary, Language: English 
)
(d:/App/Latex/texlive/2021/texmf-dist/tex/latex/translator/translator-numbers-d
ictionary-English.dict
Dictionary: translator-numbers-dictionary, Language: English 
)
(d:/App/Latex/texlive/2021/texmf-dist/tex/latex/translator/translator-theorem-d
ictionary-English.dict
Dictionary: translator-theorem-dictionary, Language: English 
)

Package fontspec Info: Adjusting the maths setup (use [no-math] to avoid
(fontspec)             this).

\symlegacymaths=\mathgroup8
LaTeX Font Info:    Overwriting symbol font `legacymaths' in version `bold'
(Font)                  OT1/cmr/m/n --> OT1/cmr/bx/n on input line 27.
LaTeX Font Info:    Redeclaring math accent \acute on input line 27.
LaTeX Font Info:    Redeclaring math accent \grave on input line 27.
LaTeX Font Info:    Redeclaring math accent \ddot on input line 27.
LaTeX Font Info:    Redeclaring math accent \tilde on input line 27.
LaTeX Font Info:    Redeclaring math accent \bar on input line 27.
LaTeX Font Info:    Redeclaring math accent \breve on input line 27.
LaTeX Font Info:    Redeclaring math accent \check on input line 27.
LaTeX Font Info:    Redeclaring math accent \hat on input line 27.
LaTeX Font Info:    Redeclaring math accent \dot on input line 27.
LaTeX Font Info:    Redeclaring math accent \mathring on input line 27.
LaTeX Font Info:    Redeclaring math symbol \Gamma on input line 27.
LaTeX Font Info:    Redeclaring math symbol \Delta on input line 27.
LaTeX Font Info:    Redeclaring math symbol \Theta on input line 27.
LaTeX Font Info:    Redeclaring math symbol \Lambda on input line 27.
LaTeX Font Info:    Redeclaring math symbol \Xi on input line 27.
LaTeX Font Info:    Redeclaring math symbol \Pi on input line 27.
LaTeX Font Info:    Redeclaring math symbol \Sigma on input line 27.
LaTeX Font Info:    Redeclaring math symbol \Upsilon on input line 27.
LaTeX Font Info:    Redeclaring math symbol \Phi on input line 27.
LaTeX Font Info:    Redeclaring math symbol \Psi on input line 27.
LaTeX Font Info:    Redeclaring math symbol \Omega on input line 27.
LaTeX Font Info:    Redeclaring math symbol \mathdollar on input line 27.
LaTeX Font Info:    Redeclaring symbol font `operators' on input line 27.
LaTeX Font Info:    Encoding `OT1' has changed to `TU' for symbol font
(Font)              `operators' in the math version `normal' on input line 27.
LaTeX Font Info:    Overwriting symbol font `operators' in version `normal'
(Font)                  OT1/cmr/m/n --> TU/Caladea(0)/m/n on input line 27.
LaTeX Font Info:    Encoding `OT1' has changed to `TU' for symbol font
(Font)              `operators' in the math version `bold' on input line 27.
LaTeX Font Info:    Overwriting symbol font `operators' in version `bold'
(Font)                  OT1/cmr/bx/n --> TU/Caladea(0)/m/n on input line 27.
LaTeX Font Info:    Overwriting symbol font `operators' in version `normal'
(Font)                  TU/Caladea(0)/m/n --> TU/Caladea(0)/m/n on input line 2
7.
LaTeX Font Info:    Redeclaring math alphabet \mathrm on input line 27.
LaTeX Font Info:    Overwriting math alphabet `\mathit' in version `normal'
(Font)                  TU/Caladea(0)/m/it --> TU/Caladea(0)/m/it on input line
 27.
LaTeX Font Info:    Overwriting math alphabet `\mathbf' in version `normal'
(Font)                  TU/Caladea(0)/b/n --> TU/Caladea(0)/b/n on input line 2
7.
LaTeX Font Info:    Overwriting math alphabet `\mathsf' in version `normal'
(Font)                  TU/Carlito(0)/m/n --> TU/Carlito(0)/m/n on input line 2
7.
LaTeX Font Info:    Overwriting math alphabet `\mathtt' in version `normal'
(Font)                  TU/lmtt/m/n --> TU/lmtt/m/n on input line 27.
LaTeX Font Info:    Overwriting symbol font `operators' in version `bold'
(Font)                  TU/Caladea(0)/m/n --> TU/Caladea(0)/b/n on input line 2
7.
LaTeX Font Info:    Overwriting math alphabet `\mathit' in version `bold'
(Font)                  TU/Caladea(0)/b/it --> TU/Caladea(0)/b/it on input line
 27.
LaTeX Font Info:    Overwriting math alphabet `\mathsf' in version `bold'
(Font)                  TU/Carlito(0)/b/n --> TU/Carlito(0)/b/n on input line 2
7.
LaTeX Font Info:    Overwriting math alphabet `\mathtt' in version `bold'
(Font)                  TU/lmtt/b/n --> TU/lmtt/b/n on input line 27.
 (./beamersapienza.nav)
LaTeX Font Info:    Font shape `TU/Carlito(0)/m/n' will be
(Font)              scaled to size 6.0pt on input line 27.
Requested font "[Carlito-Regular.ttf]/OT:script=latn;language=dflt;+onum;+pnum;
mapping=tex-text;" at 6.0pt
 -> d:/App/Latex/texlive/2021/texmf-dist/fonts/truetype/typoland/carlito/Carlit
o-Regular.ttf
LaTeX Font Info:    Font shape `TU/Carlito(0)/m/n' will be
(Font)              scaled to size 8.0pt on input line 27.
Requested font "[Carlito-Regular.ttf]/OT:script=latn;language=dflt;+onum;+pnum;
mapping=tex-text;" at 8.0pt
 -> d:/App/Latex/texlive/2021/texmf-dist/fonts/truetype/typoland/carlito/Carlit
o-Regular.ttf
LaTeX Font Info:    Font shape `TU/Caladea(0)/m/n' will be
(Font)              scaled to size 8.0pt on input line 27.
Requested font "[Caladea-Regular.ttf]/OT:script=latn;language=dflt;mapping=tex-
text;" at 8.0pt
 -> d:/App/Latex/texlive/2021/texmf-dist/fonts/truetype/huerta/caladea/Caladea-
Regular.ttf
LaTeX Font Info:    Font shape `TU/Caladea(0)/m/n' will be
(Font)              scaled to size 6.0pt on input line 27.
Requested font "[Caladea-Regular.ttf]/OT:script=latn;language=dflt;mapping=tex-
text;" at 6.0pt
 -> d:/App/Latex/texlive/2021/texmf-dist/fonts/truetype/huerta/caladea/Caladea-
Regular.ttf
LaTeX Font Info:    Font shape `TU/Caladea(0)/m/n' will be
(Font)              scaled to size 5.0pt on input line 27.
Requested font "[Caladea-Regular.ttf]/OT:script=latn;language=dflt;mapping=tex-
text;" at 5.0pt
 -> d:/App/Latex/texlive/2021/texmf-dist/fonts/truetype/huerta/caladea/Caladea-
Regular.ttf
Requested font "cmmi8" at 8.0pt
 -> d:/App/Latex/texlive/2021/texmf-dist/fonts/tfm/public/cm/cmmi8.tfm
Requested font "cmmi6" at 6.0pt
 -> d:/App/Latex/texlive/2021/texmf-dist/fonts/tfm/public/cm/cmmi6.tfm
Requested font "cmsy8" at 8.0pt
 -> d:/App/Latex/texlive/2021/texmf-dist/fonts/tfm/public/cm/cmsy8.tfm
Requested font "cmsy6" at 6.0pt
 -> d:/App/Latex/texlive/2021/texmf-dist/fonts/tfm/public/cm/cmsy6.tfm
Requested font "cmex8" at 8.0pt
 -> d:/App/Latex/texlive/2021/texmf-dist/fonts/tfm/public/amsfonts/cmextra/cmex
8.tfm
Requested font "cmex7" at 6.0pt
 -> d:/App/Latex/texlive/2021/texmf-dist/fonts/tfm/public/amsfonts/cmextra/cmex
7.tfm
Requested font "cmex7" at 5.0pt
 -> d:/App/Latex/texlive/2021/texmf-dist/fonts/tfm/public/amsfonts/cmextra/cmex
7.tfm
LaTeX Font Info:    Trying to load font information for U+msa on input line 27.


(d:/App/Latex/texlive/2021/texmf-dist/tex/latex/amsfonts/umsa.fd
File: umsa.fd 2013/01/14 v3.01 AMS symbols A
)
Requested font "msam10" at 8.0pt
 -> d:/App/Latex/texlive/2021/texmf-dist/fonts/tfm/public/amsfonts/symbols/msam
10.tfm
Requested font "msam7" at 6.0pt
 -> d:/App/Latex/texlive/2021/texmf-dist/fonts/tfm/public/amsfonts/symbols/msam
7.tfm
Requested font "msam5" at 5.0pt
 -> d:/App/Latex/texlive/2021/texmf-dist/fonts/tfm/public/amsfonts/symbols/msam
5.tfm
LaTeX Font Info:    Trying to load font information for U+msb on input line 27.


(d:/App/Latex/texlive/2021/texmf-dist/tex/latex/amsfonts/umsb.fd
File: umsb.fd 2013/01/14 v3.01 AMS symbols B
)
Requested font "msbm10" at 8.0pt
 -> d:/App/Latex/texlive/2021/texmf-dist/fonts/tfm/public/amsfonts/symbols/msbm
10.tfm
Requested font "msbm7" at 6.0pt
 -> d:/App/Latex/texlive/2021/texmf-dist/fonts/tfm/public/amsfonts/symbols/msbm
7.tfm
Requested font "msbm5" at 5.0pt
 -> d:/App/Latex/texlive/2021/texmf-dist/fonts/tfm/public/amsfonts/symbols/msbm
5.tfm
LaTeX Font Info:    Font shape `TU/Caladea(0)/m/it' will be
(Font)              scaled to size 8.0pt on input line 27.
Requested font "[Caladea-Italic.ttf]/OT:script=latn;language=dflt;mapping=tex-t
ext;" at 8.0pt
 -> d:/App/Latex/texlive/2021/texmf-dist/fonts/truetype/huerta/caladea/Caladea-
Italic.ttf
LaTeX Font Info:    Font shape `TU/Caladea(0)/m/it' will be
(Font)              scaled to size 6.0pt on input line 27.
Requested font "[Caladea-Italic.ttf]/OT:script=latn;language=dflt;mapping=tex-t
ext;" at 6.0pt
 -> d:/App/Latex/texlive/2021/texmf-dist/fonts/truetype/huerta/caladea/Caladea-
Italic.ttf
LaTeX Font Info:    Font shape `TU/Caladea(0)/m/it' will be
(Font)              scaled to size 5.0pt on input line 27.
Requested font "[Caladea-Italic.ttf]/OT:script=latn;language=dflt;mapping=tex-t
ext;" at 5.0pt
 -> d:/App/Latex/texlive/2021/texmf-dist/fonts/truetype/huerta/caladea/Caladea-
Italic.ttf
Requested font "cmr8" at 8.0pt
 -> d:/App/Latex/texlive/2021/texmf-dist/fonts/tfm/public/cm/cmr8.tfm
Requested font "cmr6" at 6.0pt
 -> d:/App/Latex/texlive/2021/texmf-dist/fonts/tfm/public/cm/cmr6.tfm
File: assets/logo_RGB.png Graphic file (type bmp)
<assets/logo_RGB.png>
LaTeX Font Info:    Font shape `TU/Carlito(0)/m/n' will be
(Font)              scaled to size 14.4pt on input line 28.
Requested font "[Carlito-Regular.ttf]/OT:script=latn;language=dflt;+onum;+pnum;
mapping=tex-text;" at 14.4pt
 -> d:/App/Latex/texlive/2021/texmf-dist/fonts/truetype/typoland/carlito/Carlit
o-Regular.ttf
LaTeX Font Info:    Font shape `TU/Carlito(0)/b/n' will be
(Font)              scaled to size 14.4pt on input line 28.
Requested font "[Carlito-Bold.ttf]/OT:script=latn;language=dflt;+onum;+pnum;map
ping=tex-text;" at 14.4pt
 -> d:/App/Latex/texlive/2021/texmf-dist/fonts/truetype/typoland/carlito/Carlit
o-Bold.ttf
LaTeX Font Info:    Font shape `TU/Carlito(0)/b/n' will be
(Font)              scaled to size 10.0pt on input line 28.
Requested font "[Carlito-Bold.ttf]/OT:script=latn;language=dflt;+onum;+pnum;map
ping=tex-text;" at 10.0pt
 -> d:/App/Latex/texlive/2021/texmf-dist/fonts/truetype/typoland/carlito/Carlit
o-Bold.ttf
LaTeX Font Info:    Font shape `TU/Carlito(0)/m/n' will be
(Font)              scaled to size 10.0pt on input line 28.
Requested font "[Carlito-Regular.ttf]/OT:script=latn;language=dflt;+onum;+pnum;
mapping=tex-text;" at 10.0pt
 -> d:/App/Latex/texlive/2021/texmf-dist/fonts/truetype/typoland/carlito/Carlit
o-Regular.ttf
File: assets/background.png Graphic file (type bmp)
<assets/background.png>
LaTeX Font Info:    Font shape `TU/Carlito(0)/m/n' will be
(Font)              scaled to size 4.0pt on input line 28.
Requested font "[Carlito-Regular.ttf]/OT:script=latn;language=dflt;+onum;+pnum;
mapping=tex-text;" at 4.0pt
 -> d:/App/Latex/texlive/2021/texmf-dist/fonts/truetype/typoland/carlito/Carlit
o-Regular.ttf
File: assets/logo_RGB.png Graphic file (type bmp)
<assets/logo_RGB.png>
 [1

]
(./beamersapienza.toc
LaTeX Font Info:    Font shape `TU/Caladea(0)/m/n' will be
(Font)              scaled to size 10.95pt on input line 1.
Requested font "[Caladea-Regular.ttf]/OT:script=latn;language=dflt;mapping=tex-
text;" at 10.95pt
 -> d:/App/Latex/texlive/2021/texmf-dist/fonts/truetype/huerta/caladea/Caladea-
Regular.ttf
Requested font "cmmi10" at 10.95pt
 -> d:/App/Latex/texlive/2021/texmf-dist/fonts/tfm/public/cm/cmmi10.tfm
Requested font "cmsy10" at 10.95pt
 -> d:/App/Latex/texlive/2021/texmf-dist/fonts/tfm/public/cm/cmsy10.tfm
Requested font "cmex10" at 10.95pt
 -> d:/App/Latex/texlive/2021/texmf-dist/fonts/tfm/public/cm/cmex10.tfm
Requested font "msam10" at 10.95pt
 -> d:/App/Latex/texlive/2021/texmf-dist/fonts/tfm/public/amsfonts/symbols/msam
10.tfm
Requested font "msbm10" at 10.95pt
 -> d:/App/Latex/texlive/2021/texmf-dist/fonts/tfm/public/amsfonts/symbols/msbm
10.tfm
LaTeX Font Info:    Font shape `TU/Caladea(0)/m/it' will be
(Font)              scaled to size 10.95pt on input line 1.
Requested font "[Caladea-Italic.ttf]/OT:script=latn;language=dflt;mapping=tex-t
ext;" at 10.95pt
 -> d:/App/Latex/texlive/2021/texmf-dist/fonts/truetype/huerta/caladea/Caladea-
Italic.ttf
Requested font "cmr10" at 10.95pt
 -> d:/App/Latex/texlive/2021/texmf-dist/fonts/tfm/public/cm/cmr10.tfm
)
LaTeX Font Info:    Font shape `TU/Carlito(0)/b/n' will be
(Font)              scaled to size 9.0pt on input line 31.
Requested font "[Carlito-Bold.ttf]/OT:script=latn;language=dflt;+onum;+pnum;map
ping=tex-text;" at 9.0pt
 -> d:/App/Latex/texlive/2021/texmf-dist/fonts/truetype/typoland/carlito/Carlit
o-Bold.ttf
LaTeX Font Info:    Font shape `TU/Carlito(0)/m/n' will be
(Font)              scaled to size 9.0pt on input line 31.
Requested font "[Carlito-Regular.ttf]/OT:script=latn;language=dflt;+onum;+pnum;
mapping=tex-text;" at 9.0pt
 -> d:/App/Latex/texlive/2021/texmf-dist/fonts/truetype/typoland/carlito/Carlit
o-Regular.ttf
File: assets/logo_RGB_negative.png Graphic file (type bmp)
<assets/logo_RGB_negative.png>
 [2

]
LaTeX Font Info:    Font shape `TU/Carlito(0)/m/n' will be
(Font)              scaled to size 12.0pt on input line 46.
Requested font "[Carlito-Regular.ttf]/OT:script=latn;language=dflt;+onum;+pnum;
mapping=tex-text;" at 12.0pt
 -> d:/App/Latex/texlive/2021/texmf-dist/fonts/truetype/typoland/carlito/Carlit
o-Regular.ttf
LaTeX Font Info:    Font shape `TU/Carlito(0)/b/n' will be
(Font)              scaled to size 12.0pt on input line 46.
Requested font "[Carlito-Bold.ttf]/OT:script=latn;language=dflt;+onum;+pnum;map
ping=tex-text;" at 12.0pt
 -> d:/App/Latex/texlive/2021/texmf-dist/fonts/truetype/typoland/carlito/Carlit
o-Bold.ttf
LaTeX Font Info:    Font shape `TU/Carlito(0)/b/n' will be
(Font)              scaled to size 10.95pt on input line 46.
Requested font "[Carlito-Bold.ttf]/OT:script=latn;language=dflt;+onum;+pnum;map
ping=tex-text;" at 10.95pt
 -> d:/App/Latex/texlive/2021/texmf-dist/fonts/truetype/typoland/carlito/Carlit
o-Bold.ttf
File: assets/logo_RGB.png Graphic file (type bmp)
<assets/logo_RGB.png>
 [3

]
File: assets/stable.png Graphic file (type bmp)
<assets/stable.png>
File: assets/logo_RGB.png Graphic file (type bmp)
<assets/logo_RGB.png>
 [4

]
File: assets/FM.png Graphic file (type bmp)
<assets/FM.png>

Overfull \vbox (2.8977pt too high) detected at line 77
 []

File: assets/logo_RGB.png Graphic file (type bmp)
<assets/logo_RGB.png>
[5

] (./beamersapienza.toc)
File: assets/logo_RGB_negative.png Graphic file (type bmp)
<assets/logo_RGB_negative.png>
 [6

]
File: assets/promptfl.png Graphic file (type bmp)
<assets/promptfl.png>
File: assets/logo_RGB.png Graphic file (type bmp)
<assets/logo_RGB.png>
 [7

]
File: assets/logo_RGB.png Graphic file (type bmp)
<assets/logo_RGB.png>
 [8

]
File: assets/diagram.png Graphic file (type bmp)
<assets/diagram.png>
File: assets/logo_RGB.png Graphic file (type bmp)
<assets/logo_RGB.png>
 [9

]
File: assets/prompt.png Graphic file (type bmp)
<assets/prompt.png>
File: assets/logo_RGB.png Graphic file (type bmp)
<assets/logo_RGB.png>
 [10

]
LaTeX Font Info:    Font shape `TU/Caladea(0)/b/n' will be
(Font)              scaled to size 10.95pt on input line 132.
Requested font "[Caladea-Bold.ttf]/OT:script=latn;language=dflt;mapping=tex-tex
t;" at 10.95pt
 -> d:/App/Latex/texlive/2021/texmf-dist/fonts/truetype/huerta/caladea/Caladea-
Bold.ttf
LaTeX Font Info:    Font shape `TU/Caladea(0)/b/n' will be
(Font)              scaled to size 8.0pt on input line 132.
Requested font "[Caladea-Bold.ttf]/OT:script=latn;language=dflt;mapping=tex-tex
t;" at 8.0pt
 -> d:/App/Latex/texlive/2021/texmf-dist/fonts/truetype/huerta/caladea/Caladea-
Bold.ttf
LaTeX Font Info:    Font shape `TU/Caladea(0)/b/n' will be
(Font)              scaled to size 6.0pt on input line 132.
Requested font "[Caladea-Bold.ttf]/OT:script=latn;language=dflt;mapping=tex-tex
t;" at 6.0pt
 -> d:/App/Latex/texlive/2021/texmf-dist/fonts/truetype/huerta/caladea/Caladea-
Bold.ttf
Requested font "cmmib10" at 10.95pt
 -> d:/App/Latex/texlive/2021/texmf-dist/fonts/tfm/public/cm/cmmib10.tfm
Requested font "cmmib8" at 8.0pt
 -> d:/App/Latex/texlive/2021/texmf-dist/fonts/tfm/public/amsfonts/cmextra/cmmi
b8.tfm
Requested font "cmmib6" at 6.0pt
 -> d:/App/Latex/texlive/2021/texmf-dist/fonts/tfm/public/amsfonts/cmextra/cmmi
b6.tfm
Requested font "cmbsy10" at 10.95pt
 -> d:/App/Latex/texlive/2021/texmf-dist/fonts/tfm/public/cm/cmbsy10.tfm
Requested font "cmbsy8" at 8.0pt
 -> d:/App/Latex/texlive/2021/texmf-dist/fonts/tfm/public/amsfonts/cmextra/cmbs
y8.tfm
Requested font "cmbsy6" at 6.0pt
 -> d:/App/Latex/texlive/2021/texmf-dist/fonts/tfm/public/amsfonts/cmextra/cmbs
y6.tfm
LaTeX Font Info:    Font shape `TU/Caladea(0)/b/it' will be
(Font)              scaled to size 10.95pt on input line 132.
Requested font "[Caladea-BoldItalic.ttf]/OT:script=latn;language=dflt;mapping=t
ex-text;" at 10.95pt
 -> d:/App/Latex/texlive/2021/texmf-dist/fonts/truetype/huerta/caladea/Caladea-
BoldItalic.ttf
LaTeX Font Info:    Font shape `TU/Caladea(0)/b/it' will be
(Font)              scaled to size 8.0pt on input line 132.
Requested font "[Caladea-BoldItalic.ttf]/OT:script=latn;language=dflt;mapping=t
ex-text;" at 8.0pt
 -> d:/App/Latex/texlive/2021/texmf-dist/fonts/truetype/huerta/caladea/Caladea-
BoldItalic.ttf
LaTeX Font Info:    Font shape `TU/Caladea(0)/b/it' will be
(Font)              scaled to size 6.0pt on input line 132.
Requested font "[Caladea-BoldItalic.ttf]/OT:script=latn;language=dflt;mapping=t
ex-text;" at 6.0pt
 -> d:/App/Latex/texlive/2021/texmf-dist/fonts/truetype/huerta/caladea/Caladea-
BoldItalic.ttf
Requested font "cmbx10" at 10.95pt
 -> d:/App/Latex/texlive/2021/texmf-dist/fonts/tfm/public/cm/cmbx10.tfm
Requested font "cmbx8" at 8.0pt
 -> d:/App/Latex/texlive/2021/texmf-dist/fonts/tfm/public/cm/cmbx8.tfm
Requested font "cmbx6" at 6.0pt
 -> d:/App/Latex/texlive/2021/texmf-dist/fonts/tfm/public/cm/cmbx6.tfm
File: assets/logo_RGB.png Graphic file (type bmp)
<assets/logo_RGB.png>
 [11

] (./beamersapienza.toc)
File: assets/logo_RGB_negative.png Graphic file (type bmp)
<assets/logo_RGB_negative.png>

[12

]
File: assets/logo_RGB.png Graphic file (type bmp)
<assets/logo_RGB.png>
 [13

]
File: assets/performance.png Graphic file (type bmp)
<assets/performance.png>
File: assets/logo_RGB.png Graphic file (type bmp)
<assets/logo_RGB.png>
 [14

]
File: assets/result.png Graphic file (type bmp)
<assets/result.png>

Overfull \vbox (0.17204pt too high) detected at line 172
 []

File: assets/logo_RGB.png Graphic file (type bmp)
<assets/logo_RGB.png>
[15

]
File: assets/ablation.png Graphic file (type bmp)
<assets/ablation.png>
File: assets/logo_RGB.png Graphic file (type bmp)
<assets/logo_RGB.png>
 [16

]
File: assets/domainnet.png Graphic file (type bmp)
<assets/domainnet.png>
File: assets/logo_RGB.png Graphic file (type bmp)
<assets/logo_RGB.png>
 [17

]
File: assets/quickdraw.png Graphic file (type bmp)
<assets/quickdraw.png>

Overfull \vbox (9.31561pt too high) detected at line 201
 []

File: assets/logo_RGB.png Graphic file (type bmp)
<assets/logo_RGB.png>
[18

] (./beamersapienza.toc)
File: assets/logo_RGB_negative.png Graphic file (type bmp)
<assets/logo_RGB_negative.png>
 [19

]
File: assets/replication.png Graphic file (type bmp)
<assets/replication.png>
File: assets/logo_RGB.png Graphic file (type bmp)
<assets/logo_RGB.png>
 [20

]
File: assets/MIA.png Graphic file (type bmp)
<assets/MIA.png>
File: assets/logo_RGB.png Graphic file (type bmp)
<assets/logo_RGB.png>
 [21

]
File: assets/logo_RGB.png Graphic file (type bmp)
<assets/logo_RGB.png>
 [22

] (./beamersapienza.toc)
File: assets/logo_RGB_negative.png Graphic file (type bmp)
<assets/logo_RGB_negative.png>
 [23

]
File: assets/ray.png Graphic file (type bmp)
<assets/ray.png>
File: assets/logo_RGB.png Graphic file (type bmp)
<assets/logo_RGB.png>

[24

]
File: assets/code1.png Graphic file (type bmp)
<assets/code1.png>
File: assets/logo_RGB.png Graphic file (type bmp)
<assets/logo_RGB.png>
 [25

]
File: assets/code2.png Graphic file (type bmp)
<assets/code2.png>
File: assets/logo_RGB.png Graphic file (type bmp)
<assets/logo_RGB.png>
 [26

]
File: assets/GPU_use.png Graphic file (type bmp)
<assets/GPU_use.png>
File: assets/logo_RGB.png Graphic file (type bmp)
<assets/logo_RGB.png>
 [27

]
LaTeX Font Info:    Font shape `TU/Carlito(0)/m/n' will be
(Font)              scaled to size 24.88pt on input line 299.
Requested font "[Carlito-Regular.ttf]/OT:script=latn;language=dflt;+onum;+pnum;
mapping=tex-text;" at 24.88pt
 -> d:/App/Latex/texlive/2021/texmf-dist/fonts/truetype/typoland/carlito/Carlit
o-Regular.ttf
LaTeX Font Info:    Font shape `TU/Carlito(0)/m/sl' in size <14.4> not availabl
e
(Font)              Font shape `TU/Carlito(0)/m/it' tried instead on input line
 299.
LaTeX Font Info:    Font shape `TU/Carlito(0)/m/it' will be
(Font)              scaled to size 14.4pt on input line 299.
Requested font "[Carlito-Italic.ttf]/OT:script=latn;language=dflt;+onum;+pnum;m
apping=tex-text;" at 14.4pt
 -> d:/App/Latex/texlive/2021/texmf-dist/fonts/truetype/typoland/carlito/Carlit
o-Italic.ttf
File: assets/logo_RGB_negative.png Graphic file (type bmp)
<assets/logo_RGB_negative.png>
 [28

]
\tf@nav=\write6
\openout6 = `beamersapienza.nav'.

\tf@toc=\write7
\openout7 = `beamersapienza.toc'.

\tf@snm=\write8
\openout8 = `beamersapienza.snm'.

 (./beamersapienza.aux)
Package rerunfilecheck Info: File `beamersapienza.out' has not changed.
(rerunfilecheck)             Checksum: 131F81015F5EA4784BBCA6B50FD4B7D9;496.
 ) 
Here is how much of TeX's memory you used:
 28047 strings out of 476919
 597154 string characters out of 5820944
 929832 words of memory out of 5000000
 47379 multiletter control sequences out of 15000+600000
 412237 words of font info for 106 fonts, out of 8000000 for 9000
 1348 hyphenation exceptions out of 8191
 131i,15n,146p,464b,922s stack positions out of 5000i,500n,10000p,200000b,80000s

Output written on beamersapienza.pdf (28 pages).
